2015-03-21 12:30:06,199 [Worker-3] INFO  o.e.m.c.i.p.ProjectConfigurationManager - Collecting project info '/pom.xml' /home/vlad/Desktop/workspace/RecommendationSystem/pom.xml
2015-03-21 12:30:07,090 [Worker-3] INFO  o.e.m.c.i.l.LifecycleMappingFactory - Using org.maven.ide.eclipse.wtp.WarLifecycleMapping lifecycle mapping for MavenProject: com.web-app:RecommendationSystem:0.0.1-SNAPSHOT @ /home/vlad/Desktop/workspace/RecommendationSystem/pom.xml.
2015-03-21 12:30:08,446 [Worker-3] INFO  o.e.m.j.i.AbstractJavaProjectConfigurator - Adding source folder /RecommendationSystem/src/main/java
2015-03-21 12:30:08,446 [Worker-3] INFO  o.e.m.j.i.AbstractJavaProjectConfigurator - Adding resource folder /RecommendationSystem/src/main/resources
2015-03-21 12:30:08,447 [Worker-3] INFO  o.e.m.j.i.AbstractJavaProjectConfigurator - Adding source folder /RecommendationSystem/src/test/java
2015-03-21 12:30:08,978 [Worker-7] INFO  o.e.m.c.i.l.LifecycleMappingFactory - Using org.maven.ide.eclipse.wtp.WarLifecycleMapping lifecycle mapping for MavenProject: com.web-app:RecommendationSystem:0.0.1-SNAPSHOT @ /home/vlad/Desktop/workspace/RecommendationSystem/pom.xml.
2015-03-21 12:30:12,338 [Worker-3] INFO  o.e.m.c.i.p.ProjectConfigurationManager - Imported and configured 1 project(s) in 6 sec
2015-03-21 12:30:13,721 [Worker-7] INFO  o.e.m.c.i.l.LifecycleMappingFactory - Using org.maven.ide.eclipse.wtp.WarLifecycleMapping lifecycle mapping for MavenProject: com.web-app:RecommendationSystem:0.0.1-SNAPSHOT @ /home/vlad/Desktop/workspace/RecommendationSystem/pom.xml.
2015-03-21 12:30:13,800 [Worker-7] WARN  o.e.m.c.i.embedder.EclipseLogger - Using platform encoding (UTF-8 actually) to copy filtered resources, i.e. build is platform dependent!
2015-03-21 12:30:13,806 [Worker-7] INFO  o.e.m.c.i.embedder.EclipseLogger - Copying 0 resource
2015-03-21 12:30:13,808 [Worker-7] WARN  o.e.m.c.i.embedder.EclipseLogger - Using platform encoding (UTF-8 actually) to copy filtered resources, i.e. build is platform dependent!
2015-03-21 12:30:13,809 [Worker-7] INFO  o.e.m.c.i.embedder.EclipseLogger - skip non existing resourceDirectory /home/vlad/Desktop/workspace/RecommendationSystem/src/test/resources
2015-03-21 12:30:16,478 [Worker-7] WARN  o.e.m.c.i.embedder.EclipseLogger - Using platform encoding (UTF-8 actually) to copy filtered resources, i.e. build is platform dependent!
2015-03-21 12:30:16,492 [Worker-7] INFO  o.e.m.c.i.embedder.EclipseLogger - Copying 0 resource
2015-03-21 12:30:16,494 [Worker-7] WARN  o.e.m.c.i.embedder.EclipseLogger - Using platform encoding (UTF-8 actually) to copy filtered resources, i.e. build is platform dependent!
2015-03-21 12:30:16,494 [Worker-7] INFO  o.e.m.c.i.embedder.EclipseLogger - skip non existing resourceDirectory /home/vlad/Desktop/workspace/RecommendationSystem/src/test/resources
2015-03-21 12:33:10,276 [Worker-9] INFO  o.e.m.c.i.l.LifecycleMappingFactory - Using org.maven.ide.eclipse.wtp.WarLifecycleMapping lifecycle mapping for MavenProject: com.web-app:RecommendationSystem:0.0.1-SNAPSHOT @ /home/vlad/Desktop/workspace/RecommendationSystem/pom.xml.
2015-03-21 12:33:10,310 [Worker-9] WARN  o.e.m.c.i.embedder.EclipseLogger - Using platform encoding (UTF-8 actually) to copy filtered resources, i.e. build is platform dependent!
2015-03-21 12:33:10,310 [Worker-9] INFO  o.e.m.c.i.embedder.EclipseLogger - Copying 0 resource
2015-03-21 12:33:10,311 [Worker-9] WARN  o.e.m.c.i.embedder.EclipseLogger - Using platform encoding (UTF-8 actually) to copy filtered resources, i.e. build is platform dependent!
2015-03-21 12:33:10,312 [Worker-9] INFO  o.e.m.c.i.embedder.EclipseLogger - skip non existing resourceDirectory /home/vlad/Desktop/workspace/RecommendationSystem/src/test/resources
2015-03-21 12:33:37,038 [main] INFO  o.e.m2e.actions.ExecutePomAction - Creating new launch configuration
2015-03-21 12:33:56,927 [Worker-13] INFO  o.e.m.i.launch.MavenLaunchDelegate - /home/vlad/Desktop/workspace/RecommendationSystem
2015-03-21 12:33:56,927 [Worker-13] INFO  o.e.m.i.launch.MavenLaunchDelegate -  mvn  -B clean install
2015-03-21 12:34:41,527 [Worker-2] INFO  o.e.m.i.launch.MavenLaunchDelegate - /home/vlad/Desktop/workspace/RecommendationSystem
2015-03-21 12:34:41,527 [Worker-2] INFO  o.e.m.i.launch.MavenLaunchDelegate -  mvn  -B clean install
2015-03-21 12:38:08,842 [Worker-13] INFO  o.e.m.i.launch.MavenLaunchDelegate - /home/vlad/Desktop/workspace/RecommendationSystem
2015-03-21 12:38:08,843 [Worker-13] INFO  o.e.m.i.launch.MavenLaunchDelegate -  mvn  -B clean install tomcat:run 
2015-03-21 12:41:34,926 [Worker-8] INFO  o.e.m.c.i.l.LifecycleMappingFactory - Using org.maven.ide.eclipse.wtp.WarLifecycleMapping lifecycle mapping for MavenProject: com.web-app:RecommendationSystem:0.0.1-SNAPSHOT @ /home/vlad/Desktop/workspace/RecommendationSystem/pom.xml.
2015-03-21 12:41:35,200 [Worker-8] INFO  o.e.m.c.i.e.AbstractTransferListenerAdapter - Downloading http://repo.maven.apache.org/maven2/org/springframework/spring/2.5.6/spring-2.5.6.pom
2015-03-21 12:41:35,318 [Worker-8] INFO  o.e.m.c.i.e.AbstractTransferListenerAdapter - Downloaded http://repo.maven.apache.org/maven2/org/springframework/spring/2.5.6/spring-2.5.6.pom
2015-03-21 12:41:35,422 [Worker-8] INFO  o.e.m.c.i.e.AbstractTransferListenerAdapter - Downloaded http://repo.maven.apache.org/maven2/hibernate/hibernate3/3.2.3.GA/hibernate3-3.2.3.GA.pom
2015-03-21 12:41:35,423 [Worker-8] WARN  o.e.m.c.i.embedder.EclipseLogger - The POM for hibernate:hibernate3:jar:3.2.3.GA is missing, no dependency information available
2015-03-21 12:41:35,543 [Worker-8] INFO  o.e.m.c.i.e.AbstractTransferListenerAdapter - Downloading http://repo.maven.apache.org/maven2/antlr/antlr/2.7.7/antlr-2.7.7.pom
2015-03-21 12:41:35,654 [Worker-8] INFO  o.e.m.c.i.e.AbstractTransferListenerAdapter - Downloaded http://repo.maven.apache.org/maven2/antlr/antlr/2.7.7/antlr-2.7.7.pom
2015-03-21 12:41:35,736 [Worker-8] INFO  o.e.m.c.i.e.AbstractTransferListenerAdapter - Downloading http://repo.maven.apache.org/maven2/org/springframework/spring/2.5.6/spring-2.5.6.jar
2015-03-21 12:41:36,421 [Worker-8] INFO  o.e.m.c.i.e.AbstractTransferListenerAdapter - Downloaded http://repo.maven.apache.org/maven2/org/springframework/spring/2.5.6/spring-2.5.6.jar
2015-03-21 12:41:36,467 [Worker-8] INFO  o.e.m.c.i.e.AbstractTransferListenerAdapter - Downloaded http://repo.maven.apache.org/maven2/hibernate/hibernate3/3.2.3.GA/hibernate3-3.2.3.GA.jar
2015-03-21 12:41:36,557 [Worker-8] INFO  o.e.m.c.i.e.AbstractTransferListenerAdapter - Downloading http://repo.maven.apache.org/maven2/antlr/antlr/2.7.7/antlr-2.7.7.jar
2015-03-21 12:41:36,864 [Worker-8] INFO  o.e.m.c.i.e.AbstractTransferListenerAdapter - Downloaded http://repo.maven.apache.org/maven2/antlr/antlr/2.7.7/antlr-2.7.7.jar
2015-03-21 12:41:37,487 [Worker-8] WARN  o.e.m.c.i.embedder.EclipseLogger - The POM for hibernate:hibernate3:jar:3.2.3.GA is missing, no dependency information available
2015-03-21 12:41:37,745 [Worker-8] WARN  o.e.m.c.i.embedder.EclipseLogger - Using platform encoding (UTF-8 actually) to copy filtered resources, i.e. build is platform dependent!
2015-03-21 12:41:37,745 [Worker-8] INFO  o.e.m.c.i.embedder.EclipseLogger - Copying 0 resource
2015-03-21 12:41:37,747 [Worker-8] WARN  o.e.m.c.i.embedder.EclipseLogger - Using platform encoding (UTF-8 actually) to copy filtered resources, i.e. build is platform dependent!
2015-03-21 12:41:37,747 [Worker-8] INFO  o.e.m.c.i.embedder.EclipseLogger - skip non existing resourceDirectory /home/vlad/Desktop/workspace/RecommendationSystem/src/test/resources
2015-03-21 12:41:37,747 [Worker-8] INFO  o.e.m.w.i.f.ResourceFilteringBuildParticipant - Changed resources require a complete clean of filtered resources of RecommendationSystem
2015-03-21 12:41:37,748 [Worker-8] INFO  o.e.m.w.i.f.ResourceFilteringBuildParticipant - Executing resource filtering for RecommendationSystem
2015-03-21 12:41:37,752 [Worker-8] WARN  o.e.m.c.i.embedder.EclipseLogger - Using platform encoding (UTF-8 actually) to copy filtered resources, i.e. build is platform dependent!
2015-03-21 12:41:39,020 [Worker-20] WARN  o.e.m.c.i.embedder.EclipseLogger - The POM for hibernate:hibernate3:jar:3.2.3.GA is missing, no dependency information available
2015-03-21 12:41:39,034 [Worker-20] WARN  o.e.m.c.i.embedder.EclipseLogger - Using platform encoding (UTF-8 actually) to copy filtered resources, i.e. build is platform dependent!
2015-03-21 12:41:39,035 [Worker-20] INFO  o.e.m.c.i.embedder.EclipseLogger - Copying 0 resource
2015-03-21 12:41:39,036 [Worker-20] WARN  o.e.m.c.i.embedder.EclipseLogger - Using platform encoding (UTF-8 actually) to copy filtered resources, i.e. build is platform dependent!
2015-03-21 12:41:39,036 [Worker-20] INFO  o.e.m.c.i.embedder.EclipseLogger - skip non existing resourceDirectory /home/vlad/Desktop/workspace/RecommendationSystem/src/test/resources
2015-03-21 12:41:41,109 [Worker-16] INFO  o.e.m.c.i.l.LifecycleMappingFactory - Using org.maven.ide.eclipse.wtp.WarLifecycleMapping lifecycle mapping for MavenProject: com.web-app:RecommendationSystem:0.0.1-SNAPSHOT @ /home/vlad/Desktop/workspace/RecommendationSystem/pom.xml.
2015-03-21 12:41:41,126 [Worker-16] WARN  o.e.m.c.i.embedder.EclipseLogger - The POM for hibernate:hibernate3:jar:3.2.3.GA is missing, no dependency information available
2015-03-21 12:41:41,160 [Worker-16] WARN  o.e.m.c.i.embedder.EclipseLogger - The POM for hibernate:hibernate3:jar:3.2.3.GA is missing, no dependency information available
2015-03-21 12:41:41,208 [Worker-16] WARN  o.e.m.c.i.embedder.EclipseLogger - Using platform encoding (UTF-8 actually) to copy filtered resources, i.e. build is platform dependent!
2015-03-21 12:41:41,208 [Worker-16] INFO  o.e.m.c.i.embedder.EclipseLogger - Copying 0 resource
2015-03-21 12:41:41,210 [Worker-16] WARN  o.e.m.c.i.embedder.EclipseLogger - Using platform encoding (UTF-8 actually) to copy filtered resources, i.e. build is platform dependent!
2015-03-21 12:41:41,210 [Worker-16] INFO  o.e.m.c.i.embedder.EclipseLogger - skip non existing resourceDirectory /home/vlad/Desktop/workspace/RecommendationSystem/src/test/resources
2015-03-21 12:41:41,210 [Worker-16] INFO  o.e.m.w.i.f.ResourceFilteringBuildParticipant - Changed resources require a complete clean of filtered resources of RecommendationSystem
2015-03-21 12:41:41,211 [Worker-16] INFO  o.e.m.w.i.f.ResourceFilteringBuildParticipant - Executing resource filtering for RecommendationSystem
2015-03-21 12:41:41,214 [Worker-16] WARN  o.e.m.c.i.embedder.EclipseLogger - Using platform encoding (UTF-8 actually) to copy filtered resources, i.e. build is platform dependent!
2015-03-21 12:41:57,174 [Worker-18] WARN  o.e.m.c.i.embedder.EclipseLogger - The POM for hibernate:hibernate3:jar:3.2.3.GA is missing, no dependency information available
2015-03-21 12:41:57,307 [Worker-8] INFO  o.e.m.c.i.l.LifecycleMappingFactory - Using org.maven.ide.eclipse.wtp.WarLifecycleMapping lifecycle mapping for MavenProject: com.web-app:RecommendationSystem:0.0.1-SNAPSHOT @ /home/vlad/Desktop/workspace/RecommendationSystem/pom.xml.
2015-03-21 12:41:57,320 [Worker-8] WARN  o.e.m.c.i.embedder.EclipseLogger - The POM for hibernate:hibernate3:jar:3.2.3.GA is missing, no dependency information available
2015-03-21 12:41:57,348 [Worker-8] WARN  o.e.m.c.i.embedder.EclipseLogger - The POM for hibernate:hibernate3:jar:3.2.3.GA is missing, no dependency information available
2015-03-21 12:41:57,388 [Worker-8] WARN  o.e.m.c.i.embedder.EclipseLogger - Using platform encoding (UTF-8 actually) to copy filtered resources, i.e. build is platform dependent!
2015-03-21 12:41:57,389 [Worker-8] INFO  o.e.m.c.i.embedder.EclipseLogger - Copying 0 resource
2015-03-21 12:41:57,390 [Worker-8] WARN  o.e.m.c.i.embedder.EclipseLogger - Using platform encoding (UTF-8 actually) to copy filtered resources, i.e. build is platform dependent!
2015-03-21 12:41:57,390 [Worker-8] INFO  o.e.m.c.i.embedder.EclipseLogger - skip non existing resourceDirectory /home/vlad/Desktop/workspace/RecommendationSystem/src/test/resources
2015-03-21 12:41:57,391 [Worker-8] INFO  o.e.m.w.i.f.ResourceFilteringBuildParticipant - Changed resources require a complete clean of filtered resources of RecommendationSystem
2015-03-21 12:41:57,391 [Worker-8] INFO  o.e.m.w.i.f.ResourceFilteringBuildParticipant - Executing resource filtering for RecommendationSystem
2015-03-21 12:41:57,395 [Worker-8] WARN  o.e.m.c.i.embedder.EclipseLogger - Using platform encoding (UTF-8 actually) to copy filtered resources, i.e. build is platform dependent!
2015-03-21 12:42:00,544 [Worker-20] WARN  o.e.m.c.i.embedder.EclipseLogger - The POM for hibernate:hibernate3:jar:3.2.3.GA is missing, no dependency information available
2015-03-21 12:42:00,694 [Worker-16] INFO  o.e.m.c.i.l.LifecycleMappingFactory - Using org.maven.ide.eclipse.wtp.WarLifecycleMapping lifecycle mapping for MavenProject: com.web-app:RecommendationSystem:0.0.1-SNAPSHOT @ /home/vlad/Desktop/workspace/RecommendationSystem/pom.xml.
2015-03-21 12:42:00,710 [Worker-16] WARN  o.e.m.c.i.embedder.EclipseLogger - The POM for hibernate:hibernate3:jar:3.2.3.GA is missing, no dependency information available
2015-03-21 12:42:00,741 [Worker-16] WARN  o.e.m.c.i.embedder.EclipseLogger - The POM for hibernate:hibernate3:jar:3.2.3.GA is missing, no dependency information available
2015-03-21 12:42:00,780 [Worker-16] WARN  o.e.m.c.i.embedder.EclipseLogger - Using platform encoding (UTF-8 actually) to copy filtered resources, i.e. build is platform dependent!
2015-03-21 12:42:00,780 [Worker-16] INFO  o.e.m.c.i.embedder.EclipseLogger - Copying 0 resource
2015-03-21 12:42:00,781 [Worker-16] WARN  o.e.m.c.i.embedder.EclipseLogger - Using platform encoding (UTF-8 actually) to copy filtered resources, i.e. build is platform dependent!
2015-03-21 12:42:00,782 [Worker-16] INFO  o.e.m.c.i.embedder.EclipseLogger - skip non existing resourceDirectory /home/vlad/Desktop/workspace/RecommendationSystem/src/test/resources
2015-03-21 12:42:00,782 [Worker-16] INFO  o.e.m.w.i.f.ResourceFilteringBuildParticipant - Changed resources require a complete clean of filtered resources of RecommendationSystem
2015-03-21 12:42:00,782 [Worker-16] INFO  o.e.m.w.i.f.ResourceFilteringBuildParticipant - Executing resource filtering for RecommendationSystem
2015-03-21 12:42:00,784 [Worker-16] WARN  o.e.m.c.i.embedder.EclipseLogger - Using platform encoding (UTF-8 actually) to copy filtered resources, i.e. build is platform dependent!
2015-03-21 12:42:09,075 [Worker-8] INFO  o.e.m.i.launch.MavenLaunchDelegate - /home/vlad/Desktop/workspace/RecommendationSystem
2015-03-21 12:42:09,075 [Worker-8] INFO  o.e.m.i.launch.MavenLaunchDelegate -  mvn  -B clean install tomcat:run 
2015-03-21 12:43:42,606 [Worker-16] INFO  o.e.m.c.i.l.LifecycleMappingFactory - Using org.maven.ide.eclipse.wtp.WarLifecycleMapping lifecycle mapping for MavenProject: com.web-app:RecommendationSystem:0.0.1-SNAPSHOT @ /home/vlad/Desktop/workspace/RecommendationSystem/pom.xml.
2015-03-21 12:43:42,612 [Worker-20] INFO  o.e.m.c.i.e.AbstractTransferListenerAdapter - Downloading http://repo.maven.apache.org/maven2/org/hibernate/hibernate-core/3.6.0.Final/hibernate-core-3.6.0.Final.pom
2015-03-21 12:43:42,713 [Worker-20] INFO  o.e.m.c.i.e.AbstractTransferListenerAdapter - Downloaded http://repo.maven.apache.org/maven2/org/hibernate/hibernate-core/3.6.0.Final/hibernate-core-3.6.0.Final.pom
2015-03-21 12:43:42,767 [Worker-16] INFO  o.e.m.c.i.e.AbstractTransferListenerAdapter - Downloading http://repo.maven.apache.org/maven2/org/hibernate/hibernate-parent/3.6.0.Final/hibernate-parent-3.6.0.Final.pom
2015-03-21 12:43:42,937 [Worker-16] INFO  o.e.m.c.i.e.AbstractTransferListenerAdapter - Downloaded http://repo.maven.apache.org/maven2/org/hibernate/hibernate-parent/3.6.0.Final/hibernate-parent-3.6.0.Final.pom
2015-03-21 12:43:43,008 [Worker-16] INFO  o.e.m.c.i.e.AbstractTransferListenerAdapter - Downloading http://repo.maven.apache.org/maven2/commons-collections/commons-collections/3.1/commons-collections-3.1.pom
2015-03-21 12:43:43,096 [Worker-16] INFO  o.e.m.c.i.e.AbstractTransferListenerAdapter - Downloaded http://repo.maven.apache.org/maven2/commons-collections/commons-collections/3.1/commons-collections-3.1.pom
2015-03-21 12:43:43,144 [Worker-20] INFO  o.e.m.c.i.e.AbstractTransferListenerAdapter - Downloading http://repo.maven.apache.org/maven2/org/hibernate/hibernate-commons-annotations/3.2.0.Final/hibernate-commons-annotations-3.2.0.Final.pom
2015-03-21 12:43:43,231 [Worker-20] INFO  o.e.m.c.i.e.AbstractTransferListenerAdapter - Downloaded http://repo.maven.apache.org/maven2/org/hibernate/hibernate-commons-annotations/3.2.0.Final/hibernate-commons-annotations-3.2.0.Final.pom
2015-03-21 12:43:43,279 [Worker-16] INFO  o.e.m.c.i.e.AbstractTransferListenerAdapter - Downloading http://repo.maven.apache.org/maven2/org/slf4j/slf4j-api/1.5.8/slf4j-api-1.5.8.pom
2015-03-21 12:43:43,366 [Worker-16] INFO  o.e.m.c.i.e.AbstractTransferListenerAdapter - Downloaded http://repo.maven.apache.org/maven2/org/slf4j/slf4j-api/1.5.8/slf4j-api-1.5.8.pom
2015-03-21 12:43:43,412 [Worker-16] INFO  o.e.m.c.i.e.AbstractTransferListenerAdapter - Downloading http://repo.maven.apache.org/maven2/org/slf4j/slf4j-parent/1.5.8/slf4j-parent-1.5.8.pom
2015-03-21 12:43:43,508 [Worker-16] INFO  o.e.m.c.i.e.AbstractTransferListenerAdapter - Downloaded http://repo.maven.apache.org/maven2/org/slf4j/slf4j-parent/1.5.8/slf4j-parent-1.5.8.pom
2015-03-21 12:43:43,573 [Worker-16] INFO  o.e.m.c.i.e.AbstractTransferListenerAdapter - Downloading http://repo.maven.apache.org/maven2/org/hibernate/javax/persistence/hibernate-jpa-2.0-api/1.0.0.Final/hibernate-jpa-2.0-api-1.0.0.Final.pom
2015-03-21 12:43:43,660 [Worker-16] INFO  o.e.m.c.i.e.AbstractTransferListenerAdapter - Downloaded http://repo.maven.apache.org/maven2/org/hibernate/javax/persistence/hibernate-jpa-2.0-api/1.0.0.Final/hibernate-jpa-2.0-api-1.0.0.Final.pom
2015-03-21 12:43:43,708 [Worker-20] INFO  o.e.m.c.i.e.AbstractTransferListenerAdapter - Downloading http://repo.maven.apache.org/maven2/org/slf4j/slf4j-api/1.6.1/slf4j-api-1.6.1.pom
2015-03-21 12:43:43,804 [Worker-20] INFO  o.e.m.c.i.e.AbstractTransferListenerAdapter - Downloaded http://repo.maven.apache.org/maven2/org/slf4j/slf4j-api/1.6.1/slf4j-api-1.6.1.pom
2015-03-21 12:43:43,851 [Worker-20] INFO  o.e.m.c.i.e.AbstractTransferListenerAdapter - Downloading http://repo.maven.apache.org/maven2/org/slf4j/slf4j-parent/1.6.1/slf4j-parent-1.6.1.pom
2015-03-21 12:43:43,938 [Worker-20] INFO  o.e.m.c.i.e.AbstractTransferListenerAdapter - Downloaded http://repo.maven.apache.org/maven2/org/slf4j/slf4j-parent/1.6.1/slf4j-parent-1.6.1.pom
2015-03-21 12:43:44,019 [Worker-20] INFO  o.e.m.c.i.e.AbstractTransferListenerAdapter - Downloading http://repo.maven.apache.org/maven2/org/hibernate/hibernate-core/3.6.0.Final/hibernate-core-3.6.0.Final.jar
2015-03-21 12:43:44,678 [Worker-20] INFO  o.e.m.c.i.e.AbstractTransferListenerAdapter - Downloaded http://repo.maven.apache.org/maven2/org/hibernate/hibernate-core/3.6.0.Final/hibernate-core-3.6.0.Final.jar
2015-03-21 12:43:44,724 [Worker-20] INFO  o.e.m.c.i.e.AbstractTransferListenerAdapter - Downloading http://repo.maven.apache.org/maven2/org/hibernate/hibernate-commons-annotations/3.2.0.Final/hibernate-commons-annotations-3.2.0.Final.jar
2015-03-21 12:43:44,823 [Worker-20] INFO  o.e.m.c.i.e.AbstractTransferListenerAdapter - Downloaded http://repo.maven.apache.org/maven2/org/hibernate/hibernate-commons-annotations/3.2.0.Final/hibernate-commons-annotations-3.2.0.Final.jar
2015-03-21 12:43:44,870 [Worker-20] INFO  o.e.m.c.i.e.AbstractTransferListenerAdapter - Downloading http://repo.maven.apache.org/maven2/org/hibernate/javax/persistence/hibernate-jpa-2.0-api/1.0.0.Final/hibernate-jpa-2.0-api-1.0.0.Final.jar
2015-03-21 12:43:44,972 [Worker-20] INFO  o.e.m.c.i.e.AbstractTransferListenerAdapter - Downloaded http://repo.maven.apache.org/maven2/org/hibernate/javax/persistence/hibernate-jpa-2.0-api/1.0.0.Final/hibernate-jpa-2.0-api-1.0.0.Final.jar
2015-03-21 12:43:45,018 [Worker-20] INFO  o.e.m.c.i.e.AbstractTransferListenerAdapter - Downloading http://repo.maven.apache.org/maven2/org/slf4j/slf4j-api/1.6.1/slf4j-api-1.6.1.jar
2015-03-21 12:43:45,121 [Worker-20] INFO  o.e.m.c.i.e.AbstractTransferListenerAdapter - Downloaded http://repo.maven.apache.org/maven2/org/slf4j/slf4j-api/1.6.1/slf4j-api-1.6.1.jar
2015-03-21 12:43:45,851 [Worker-16] WARN  o.e.m.c.i.embedder.EclipseLogger - Using platform encoding (UTF-8 actually) to copy filtered resources, i.e. build is platform dependent!
2015-03-21 12:43:45,852 [Worker-16] INFO  o.e.m.c.i.embedder.EclipseLogger - Copying 0 resource
2015-03-21 12:43:45,854 [Worker-16] WARN  o.e.m.c.i.embedder.EclipseLogger - Using platform encoding (UTF-8 actually) to copy filtered resources, i.e. build is platform dependent!
2015-03-21 12:43:45,854 [Worker-16] INFO  o.e.m.c.i.embedder.EclipseLogger - skip non existing resourceDirectory /home/vlad/Desktop/workspace/RecommendationSystem/src/test/resources
2015-03-21 12:43:45,854 [Worker-16] INFO  o.e.m.w.i.f.ResourceFilteringBuildParticipant - Changed resources require a complete clean of filtered resources of RecommendationSystem
2015-03-21 12:43:45,854 [Worker-16] INFO  o.e.m.w.i.f.ResourceFilteringBuildParticipant - Executing resource filtering for RecommendationSystem
2015-03-21 12:43:45,857 [Worker-16] WARN  o.e.m.c.i.embedder.EclipseLogger - Using platform encoding (UTF-8 actually) to copy filtered resources, i.e. build is platform dependent!
2015-03-21 12:43:46,146 [Worker-23] WARN  o.e.m.c.i.embedder.EclipseLogger - Using platform encoding (UTF-8 actually) to copy filtered resources, i.e. build is platform dependent!
2015-03-21 12:43:46,147 [Worker-23] INFO  o.e.m.c.i.embedder.EclipseLogger - Copying 0 resource
2015-03-21 12:43:46,148 [Worker-23] WARN  o.e.m.c.i.embedder.EclipseLogger - Using platform encoding (UTF-8 actually) to copy filtered resources, i.e. build is platform dependent!
2015-03-21 12:43:46,148 [Worker-23] INFO  o.e.m.c.i.embedder.EclipseLogger - skip non existing resourceDirectory /home/vlad/Desktop/workspace/RecommendationSystem/src/test/resources
2015-03-21 12:43:47,253 [Worker-24] INFO  o.e.m.i.launch.MavenLaunchDelegate - /home/vlad/Desktop/workspace/RecommendationSystem
2015-03-21 12:43:47,254 [Worker-24] INFO  o.e.m.i.launch.MavenLaunchDelegate -  mvn  -B clean install tomcat:run 
2015-03-21 12:44:15,742 [Worker-25] INFO  o.e.m.c.i.l.LifecycleMappingFactory - Using org.maven.ide.eclipse.wtp.WarLifecycleMapping lifecycle mapping for MavenProject: com.web-app:RecommendationSystem:0.0.1-SNAPSHOT @ /home/vlad/Desktop/workspace/RecommendationSystem/pom.xml.
2015-03-21 12:44:16,053 [Worker-25] WARN  o.e.m.c.i.embedder.EclipseLogger - Using platform encoding (UTF-8 actually) to copy filtered resources, i.e. build is platform dependent!
2015-03-21 12:44:16,054 [Worker-25] INFO  o.e.m.c.i.embedder.EclipseLogger - Copying 0 resource
2015-03-21 12:44:16,055 [Worker-25] WARN  o.e.m.c.i.embedder.EclipseLogger - Using platform encoding (UTF-8 actually) to copy filtered resources, i.e. build is platform dependent!
2015-03-21 12:44:16,055 [Worker-25] INFO  o.e.m.c.i.embedder.EclipseLogger - skip non existing resourceDirectory /home/vlad/Desktop/workspace/RecommendationSystem/src/test/resources
2015-03-21 12:44:16,055 [Worker-25] INFO  o.e.m.w.i.f.ResourceFilteringBuildParticipant - Changed resources require a complete clean of filtered resources of RecommendationSystem
2015-03-21 12:44:16,055 [Worker-25] INFO  o.e.m.w.i.f.ResourceFilteringBuildParticipant - Executing resource filtering for RecommendationSystem
2015-03-21 12:44:16,058 [Worker-25] WARN  o.e.m.c.i.embedder.EclipseLogger - Using platform encoding (UTF-8 actually) to copy filtered resources, i.e. build is platform dependent!
2015-03-21 12:44:17,272 [Worker-16] WARN  o.e.m.c.i.embedder.EclipseLogger - Using platform encoding (UTF-8 actually) to copy filtered resources, i.e. build is platform dependent!
2015-03-21 12:44:17,272 [Worker-16] INFO  o.e.m.c.i.embedder.EclipseLogger - Copying 0 resource
2015-03-21 12:44:17,273 [Worker-16] WARN  o.e.m.c.i.embedder.EclipseLogger - Using platform encoding (UTF-8 actually) to copy filtered resources, i.e. build is platform dependent!
2015-03-21 12:44:17,274 [Worker-16] INFO  o.e.m.c.i.embedder.EclipseLogger - skip non existing resourceDirectory /home/vlad/Desktop/workspace/RecommendationSystem/src/test/resources
2015-03-21 12:45:20,935 [Worker-19] INFO  o.e.m.c.i.l.LifecycleMappingFactory - Using org.maven.ide.eclipse.wtp.WarLifecycleMapping lifecycle mapping for MavenProject: com.web-app:RecommendationSystem:0.0.1-SNAPSHOT @ /home/vlad/Desktop/workspace/RecommendationSystem/pom.xml.
2015-03-21 12:45:20,981 [Worker-19] INFO  o.e.m.c.i.e.AbstractTransferListenerAdapter - Downloaded http://repo.maven.apache.org/maven2/log4j/log4j/${log4j.version}/log4j-${log4j.version}.pom
2015-03-21 12:45:20,988 [Worker-19] INFO  o.e.m.c.i.e.AbstractTransferListenerAdapter - Downloaded http://repo.maven.apache.org/maven2/org/springframework/spring-orm/${spring.version}/spring-orm-${spring.version}.pom
2015-03-21 12:45:20,992 [Worker-19] INFO  o.e.m.c.i.e.AbstractTransferListenerAdapter - Downloaded http://repo.maven.apache.org/maven2/org/springframework/spring-jdbc/${spring.version}/spring-jdbc-${spring.version}.pom
2015-03-21 12:45:20,997 [Worker-19] INFO  o.e.m.c.i.e.AbstractTransferListenerAdapter - Downloaded http://repo.maven.apache.org/maven2/org/springframework/spring-web/${spring.version}/spring-web-${spring.version}.pom
2015-03-21 12:45:21,001 [Worker-19] INFO  o.e.m.c.i.e.AbstractTransferListenerAdapter - Downloaded http://repo.maven.apache.org/maven2/org/hibernate/hibernate-entitymanager/${hibernate.version}/hibernate-entitymanager-${hibernate.version}.pom
2015-03-21 12:45:21,005 [Worker-19] INFO  o.e.m.c.i.e.AbstractTransferListenerAdapter - Downloaded http://repo.maven.apache.org/maven2/org/springframework/spring-webmvc/${spring.version}/spring-webmvc-${spring.version}.pom
2015-03-21 12:45:21,156 [Worker-19] INFO  o.e.m.c.i.e.AbstractTransferListenerAdapter - Downloading http://repo.maven.apache.org/maven2/jstl/jstl/1.2/jstl-1.2.pom
2015-03-21 12:45:21,249 [Worker-19] INFO  o.e.m.c.i.e.AbstractTransferListenerAdapter - Downloaded http://repo.maven.apache.org/maven2/jstl/jstl/1.2/jstl-1.2.pom
2015-03-21 12:45:21,299 [Worker-19] INFO  o.e.m.c.i.e.AbstractTransferListenerAdapter - Downloading http://repo.maven.apache.org/maven2/mysql/mysql-connector-java/5.1.6/mysql-connector-java-5.1.6.pom
2015-03-21 12:45:21,391 [Worker-19] INFO  o.e.m.c.i.e.AbstractTransferListenerAdapter - Downloaded http://repo.maven.apache.org/maven2/mysql/mysql-connector-java/5.1.6/mysql-connector-java-5.1.6.pom
2015-03-21 12:45:21,465 [Worker-19] INFO  o.e.m.c.i.e.AbstractTransferListenerAdapter - Downloading http://repo.maven.apache.org/maven2/jstl/jstl/1.2/jstl-1.2.jar
2015-03-21 12:45:21,838 [Worker-19] INFO  o.e.m.c.i.e.AbstractTransferListenerAdapter - Downloaded http://repo.maven.apache.org/maven2/jstl/jstl/1.2/jstl-1.2.jar
2015-03-21 12:45:21,887 [Worker-19] INFO  o.e.m.c.i.e.AbstractTransferListenerAdapter - Downloading http://repo.maven.apache.org/maven2/mysql/mysql-connector-java/5.1.6/mysql-connector-java-5.1.6.jar
2015-03-21 12:45:22,140 [Worker-19] INFO  o.e.m.c.i.e.AbstractTransferListenerAdapter - Downloaded http://repo.maven.apache.org/maven2/mysql/mysql-connector-java/5.1.6/mysql-connector-java-5.1.6.jar
2015-03-21 12:45:22,821 [Worker-19] WARN  o.e.m.c.i.embedder.EclipseLogger - Using platform encoding (UTF-8 actually) to copy filtered resources, i.e. build is platform dependent!
2015-03-21 12:45:22,822 [Worker-19] INFO  o.e.m.c.i.embedder.EclipseLogger - Copying 0 resource
2015-03-21 12:45:22,823 [Worker-19] WARN  o.e.m.c.i.embedder.EclipseLogger - Using platform encoding (UTF-8 actually) to copy filtered resources, i.e. build is platform dependent!
2015-03-21 12:45:22,823 [Worker-19] INFO  o.e.m.c.i.embedder.EclipseLogger - skip non existing resourceDirectory /home/vlad/Desktop/workspace/RecommendationSystem/src/test/resources
2015-03-21 12:45:22,823 [Worker-19] INFO  o.e.m.w.i.f.ResourceFilteringBuildParticipant - Changed resources require a complete clean of filtered resources of RecommendationSystem
2015-03-21 12:45:22,823 [Worker-19] INFO  o.e.m.w.i.f.ResourceFilteringBuildParticipant - Executing resource filtering for RecommendationSystem
2015-03-21 12:45:22,826 [Worker-19] WARN  o.e.m.c.i.embedder.EclipseLogger - Using platform encoding (UTF-8 actually) to copy filtered resources, i.e. build is platform dependent!
2015-03-21 12:45:23,014 [Worker-19] WARN  o.e.m.c.i.embedder.EclipseLogger - Using platform encoding (UTF-8 actually) to copy filtered resources, i.e. build is platform dependent!
2015-03-21 12:45:23,014 [Worker-19] INFO  o.e.m.c.i.embedder.EclipseLogger - Copying 0 resource
2015-03-21 12:45:23,015 [Worker-19] WARN  o.e.m.c.i.embedder.EclipseLogger - Using platform encoding (UTF-8 actually) to copy filtered resources, i.e. build is platform dependent!
2015-03-21 12:45:23,015 [Worker-19] INFO  o.e.m.c.i.embedder.EclipseLogger - skip non existing resourceDirectory /home/vlad/Desktop/workspace/RecommendationSystem/src/test/resources
2015-03-21 12:46:03,659 [Worker-20] INFO  o.e.m.c.i.l.LifecycleMappingFactory - Using org.maven.ide.eclipse.wtp.WarLifecycleMapping lifecycle mapping for MavenProject: com.web-app:RecommendationSystem:0.0.1-SNAPSHOT @ /home/vlad/Desktop/workspace/RecommendationSystem/pom.xml.
2015-03-21 12:46:03,725 [Worker-20] WARN  o.e.m.c.i.embedder.EclipseLogger - Using platform encoding (UTF-8 actually) to copy filtered resources, i.e. build is platform dependent!
2015-03-21 12:46:03,726 [Worker-20] INFO  o.e.m.c.i.embedder.EclipseLogger - Copying 0 resource
2015-03-21 12:46:03,728 [Worker-20] WARN  o.e.m.c.i.embedder.EclipseLogger - Using platform encoding (UTF-8 actually) to copy filtered resources, i.e. build is platform dependent!
2015-03-21 12:46:03,728 [Worker-20] INFO  o.e.m.c.i.embedder.EclipseLogger - skip non existing resourceDirectory /home/vlad/Desktop/workspace/RecommendationSystem/src/test/resources
2015-03-21 12:46:03,728 [Worker-20] INFO  o.e.m.w.i.f.ResourceFilteringBuildParticipant - Changed resources require a complete clean of filtered resources of RecommendationSystem
2015-03-21 12:46:03,728 [Worker-20] INFO  o.e.m.w.i.f.ResourceFilteringBuildParticipant - Executing resource filtering for RecommendationSystem
2015-03-21 12:46:03,731 [Worker-20] WARN  o.e.m.c.i.embedder.EclipseLogger - Using platform encoding (UTF-8 actually) to copy filtered resources, i.e. build is platform dependent!
2015-03-21 12:46:12,785 [Worker-25] WARN  o.e.m.c.i.embedder.EclipseLogger - Using platform encoding (UTF-8 actually) to copy filtered resources, i.e. build is platform dependent!
2015-03-21 12:46:12,786 [Worker-25] INFO  o.e.m.c.i.embedder.EclipseLogger - Copying 0 resource
2015-03-21 12:46:12,787 [Worker-25] WARN  o.e.m.c.i.embedder.EclipseLogger - Using platform encoding (UTF-8 actually) to copy filtered resources, i.e. build is platform dependent!
2015-03-21 12:46:12,788 [Worker-25] INFO  o.e.m.c.i.embedder.EclipseLogger - skip non existing resourceDirectory /home/vlad/Desktop/workspace/RecommendationSystem/src/test/resources
2015-03-21 12:46:15,802 [Worker-16] INFO  o.e.m.i.launch.MavenLaunchDelegate - /home/vlad/Desktop/workspace/RecommendationSystem
2015-03-21 12:46:15,802 [Worker-16] INFO  o.e.m.i.launch.MavenLaunchDelegate -  mvn  -B clean install tomcat:run 
2015-03-21 12:48:56,811 [Worker-22] INFO  o.e.m.c.i.l.LifecycleMappingFactory - Using org.maven.ide.eclipse.wtp.WarLifecycleMapping lifecycle mapping for MavenProject: com.web-app:RecommendationSystem:0.0.1-SNAPSHOT @ /home/vlad/Desktop/workspace/RecommendationSystem/pom.xml.
2015-03-21 12:48:56,968 [Worker-22] INFO  o.e.m.c.i.e.AbstractTransferListenerAdapter - Downloading http://repo.maven.apache.org/maven2/log4j/log4j/1.2.17/log4j-1.2.17.pom
2015-03-21 12:48:57,090 [Worker-22] INFO  o.e.m.c.i.e.AbstractTransferListenerAdapter - Downloaded http://repo.maven.apache.org/maven2/log4j/log4j/1.2.17/log4j-1.2.17.pom
2015-03-21 12:48:57,140 [Worker-22] INFO  o.e.m.c.i.e.AbstractTransferListenerAdapter - Downloading http://repo.maven.apache.org/maven2/org/springframework/spring-orm/4.0.5.RELEASE/spring-orm-4.0.5.RELEASE.pom
2015-03-21 12:48:57,223 [Worker-22] INFO  o.e.m.c.i.e.AbstractTransferListenerAdapter - Downloaded http://repo.maven.apache.org/maven2/org/springframework/spring-orm/4.0.5.RELEASE/spring-orm-4.0.5.RELEASE.pom
2015-03-21 12:48:57,270 [Worker-22] INFO  o.e.m.c.i.e.AbstractTransferListenerAdapter - Downloading http://repo.maven.apache.org/maven2/org/springframework/spring-beans/4.0.5.RELEASE/spring-beans-4.0.5.RELEASE.pom
2015-03-21 12:48:57,353 [Worker-22] INFO  o.e.m.c.i.e.AbstractTransferListenerAdapter - Downloaded http://repo.maven.apache.org/maven2/org/springframework/spring-beans/4.0.5.RELEASE/spring-beans-4.0.5.RELEASE.pom
2015-03-21 12:48:57,397 [Worker-22] INFO  o.e.m.c.i.e.AbstractTransferListenerAdapter - Downloading http://repo.maven.apache.org/maven2/org/springframework/spring-core/4.0.5.RELEASE/spring-core-4.0.5.RELEASE.pom
2015-03-21 12:48:57,482 [Worker-22] INFO  o.e.m.c.i.e.AbstractTransferListenerAdapter - Downloaded http://repo.maven.apache.org/maven2/org/springframework/spring-core/4.0.5.RELEASE/spring-core-4.0.5.RELEASE.pom
2015-03-21 12:48:57,529 [Worker-22] INFO  o.e.m.c.i.e.AbstractTransferListenerAdapter - Downloading http://repo.maven.apache.org/maven2/commons-logging/commons-logging/1.1.3/commons-logging-1.1.3.pom
2015-03-21 12:48:57,617 [Worker-22] INFO  o.e.m.c.i.e.AbstractTransferListenerAdapter - Downloaded http://repo.maven.apache.org/maven2/commons-logging/commons-logging/1.1.3/commons-logging-1.1.3.pom
2015-03-21 12:48:57,665 [Worker-22] INFO  o.e.m.c.i.e.AbstractTransferListenerAdapter - Downloading http://repo.maven.apache.org/maven2/org/apache/commons/commons-parent/28/commons-parent-28.pom
2015-03-21 12:48:57,798 [Worker-22] INFO  o.e.m.c.i.e.AbstractTransferListenerAdapter - Downloaded http://repo.maven.apache.org/maven2/org/apache/commons/commons-parent/28/commons-parent-28.pom
2015-03-21 12:48:57,855 [Worker-22] INFO  o.e.m.c.i.e.AbstractTransferListenerAdapter - Downloading http://repo.maven.apache.org/maven2/org/springframework/spring-jdbc/4.0.5.RELEASE/spring-jdbc-4.0.5.RELEASE.pom
2015-03-21 12:48:57,936 [Worker-22] INFO  o.e.m.c.i.e.AbstractTransferListenerAdapter - Downloaded http://repo.maven.apache.org/maven2/org/springframework/spring-jdbc/4.0.5.RELEASE/spring-jdbc-4.0.5.RELEASE.pom
2015-03-21 12:48:57,981 [Worker-22] INFO  o.e.m.c.i.e.AbstractTransferListenerAdapter - Downloading http://repo.maven.apache.org/maven2/org/springframework/spring-tx/4.0.5.RELEASE/spring-tx-4.0.5.RELEASE.pom
2015-03-21 12:48:58,063 [Worker-22] INFO  o.e.m.c.i.e.AbstractTransferListenerAdapter - Downloaded http://repo.maven.apache.org/maven2/org/springframework/spring-tx/4.0.5.RELEASE/spring-tx-4.0.5.RELEASE.pom
2015-03-21 12:48:58,107 [Worker-22] INFO  o.e.m.c.i.e.AbstractTransferListenerAdapter - Downloading http://repo.maven.apache.org/maven2/org/springframework/spring-web/4.0.5.RELEASE/spring-web-4.0.5.RELEASE.pom
2015-03-21 12:48:58,188 [Worker-22] INFO  o.e.m.c.i.e.AbstractTransferListenerAdapter - Downloaded http://repo.maven.apache.org/maven2/org/springframework/spring-web/4.0.5.RELEASE/spring-web-4.0.5.RELEASE.pom
2015-03-21 12:48:58,232 [Worker-22] INFO  o.e.m.c.i.e.AbstractTransferListenerAdapter - Downloading http://repo.maven.apache.org/maven2/org/springframework/spring-aop/4.0.5.RELEASE/spring-aop-4.0.5.RELEASE.pom
2015-03-21 12:48:58,316 [Worker-22] INFO  o.e.m.c.i.e.AbstractTransferListenerAdapter - Downloaded http://repo.maven.apache.org/maven2/org/springframework/spring-aop/4.0.5.RELEASE/spring-aop-4.0.5.RELEASE.pom
2015-03-21 12:48:58,384 [Worker-22] INFO  o.e.m.c.i.e.AbstractTransferListenerAdapter - Downloading http://repo.maven.apache.org/maven2/org/springframework/spring-context/4.0.5.RELEASE/spring-context-4.0.5.RELEASE.pom
2015-03-21 12:48:58,465 [Worker-22] INFO  o.e.m.c.i.e.AbstractTransferListenerAdapter - Downloaded http://repo.maven.apache.org/maven2/org/springframework/spring-context/4.0.5.RELEASE/spring-context-4.0.5.RELEASE.pom
2015-03-21 12:48:58,510 [Worker-22] INFO  o.e.m.c.i.e.AbstractTransferListenerAdapter - Downloading http://repo.maven.apache.org/maven2/org/springframework/spring-expression/4.0.5.RELEASE/spring-expression-4.0.5.RELEASE.pom
2015-03-21 12:48:58,592 [Worker-22] INFO  o.e.m.c.i.e.AbstractTransferListenerAdapter - Downloaded http://repo.maven.apache.org/maven2/org/springframework/spring-expression/4.0.5.RELEASE/spring-expression-4.0.5.RELEASE.pom
2015-03-21 12:48:58,636 [Worker-22] INFO  o.e.m.c.i.e.AbstractTransferListenerAdapter - Downloading http://repo.maven.apache.org/maven2/org/hibernate/hibernate-entitymanager/4.3.5.Final/hibernate-entitymanager-4.3.5.Final.pom
2015-03-21 12:48:58,717 [Worker-22] INFO  o.e.m.c.i.e.AbstractTransferListenerAdapter - Downloaded http://repo.maven.apache.org/maven2/org/hibernate/hibernate-entitymanager/4.3.5.Final/hibernate-entitymanager-4.3.5.Final.pom
2015-03-21 12:48:58,762 [Worker-22] INFO  o.e.m.c.i.e.AbstractTransferListenerAdapter - Downloading http://repo.maven.apache.org/maven2/org/jboss/logging/jboss-logging/3.1.3.GA/jboss-logging-3.1.3.GA.pom
2015-03-21 12:48:58,850 [Worker-22] INFO  o.e.m.c.i.e.AbstractTransferListenerAdapter - Downloaded http://repo.maven.apache.org/maven2/org/jboss/logging/jboss-logging/3.1.3.GA/jboss-logging-3.1.3.GA.pom
2015-03-21 12:48:58,894 [Worker-22] INFO  o.e.m.c.i.e.AbstractTransferListenerAdapter - Downloading http://repo.maven.apache.org/maven2/org/jboss/jboss-parent/9/jboss-parent-9.pom
2015-03-21 12:48:58,977 [Worker-22] INFO  o.e.m.c.i.e.AbstractTransferListenerAdapter - Downloaded http://repo.maven.apache.org/maven2/org/jboss/jboss-parent/9/jboss-parent-9.pom
2015-03-21 12:48:59,027 [Worker-22] INFO  o.e.m.c.i.e.AbstractTransferListenerAdapter - Downloading http://repo.maven.apache.org/maven2/org/jboss/logging/jboss-logging-annotations/1.2.0.Beta1/jboss-logging-annotations-1.2.0.Beta1.pom
2015-03-21 12:48:59,119 [Worker-22] INFO  o.e.m.c.i.e.AbstractTransferListenerAdapter - Downloaded http://repo.maven.apache.org/maven2/org/jboss/logging/jboss-logging-annotations/1.2.0.Beta1/jboss-logging-annotations-1.2.0.Beta1.pom
2015-03-21 12:48:59,168 [Worker-22] INFO  o.e.m.c.i.e.AbstractTransferListenerAdapter - Downloading http://repo.maven.apache.org/maven2/org/jboss/logging/jboss-logging-tools-parent/1.2.0.Beta1/jboss-logging-tools-parent-1.2.0.Beta1.pom
2015-03-21 12:48:59,261 [Worker-22] INFO  o.e.m.c.i.e.AbstractTransferListenerAdapter - Downloaded http://repo.maven.apache.org/maven2/org/jboss/logging/jboss-logging-tools-parent/1.2.0.Beta1/jboss-logging-tools-parent-1.2.0.Beta1.pom
2015-03-21 12:48:59,309 [Worker-22] INFO  o.e.m.c.i.e.AbstractTransferListenerAdapter - Downloading http://repo.maven.apache.org/maven2/org/jboss/jboss-parent/10/jboss-parent-10.pom
2015-03-21 12:48:59,410 [Worker-22] INFO  o.e.m.c.i.e.AbstractTransferListenerAdapter - Downloaded http://repo.maven.apache.org/maven2/org/jboss/jboss-parent/10/jboss-parent-10.pom
2015-03-21 12:48:59,473 [Worker-22] INFO  o.e.m.c.i.e.AbstractTransferListenerAdapter - Downloading http://repo.maven.apache.org/maven2/org/hibernate/hibernate-core/4.3.5.Final/hibernate-core-4.3.5.Final.pom
2015-03-21 12:48:59,565 [Worker-22] INFO  o.e.m.c.i.e.AbstractTransferListenerAdapter - Downloaded http://repo.maven.apache.org/maven2/org/hibernate/hibernate-core/4.3.5.Final/hibernate-core-4.3.5.Final.pom
2015-03-21 12:48:59,615 [Worker-22] INFO  o.e.m.c.i.e.AbstractTransferListenerAdapter - Downloading http://repo.maven.apache.org/maven2/org/jboss/spec/javax/transaction/jboss-transaction-api_1.2_spec/1.0.0.Final/jboss-transaction-api_1.2_spec-1.0.0.Final.pom
2015-03-21 12:48:59,707 [Worker-22] INFO  o.e.m.c.i.e.AbstractTransferListenerAdapter - Downloaded http://repo.maven.apache.org/maven2/org/jboss/spec/javax/transaction/jboss-transaction-api_1.2_spec/1.0.0.Final/jboss-transaction-api_1.2_spec-1.0.0.Final.pom
2015-03-21 12:48:59,763 [Worker-22] INFO  o.e.m.c.i.e.AbstractTransferListenerAdapter - Downloading http://repo.maven.apache.org/maven2/org/hibernate/common/hibernate-commons-annotations/4.0.4.Final/hibernate-commons-annotations-4.0.4.Final.pom
2015-03-21 12:48:59,856 [Worker-22] INFO  o.e.m.c.i.e.AbstractTransferListenerAdapter - Downloaded http://repo.maven.apache.org/maven2/org/hibernate/common/hibernate-commons-annotations/4.0.4.Final/hibernate-commons-annotations-4.0.4.Final.pom
2015-03-21 12:48:59,905 [Worker-22] INFO  o.e.m.c.i.e.AbstractTransferListenerAdapter - Downloading http://repo.maven.apache.org/maven2/org/hibernate/javax/persistence/hibernate-jpa-2.1-api/1.0.0.Final/hibernate-jpa-2.1-api-1.0.0.Final.pom
2015-03-21 12:48:59,998 [Worker-22] INFO  o.e.m.c.i.e.AbstractTransferListenerAdapter - Downloaded http://repo.maven.apache.org/maven2/org/hibernate/javax/persistence/hibernate-jpa-2.1-api/1.0.0.Final/hibernate-jpa-2.1-api-1.0.0.Final.pom
2015-03-21 12:49:00,048 [Worker-22] INFO  o.e.m.c.i.e.AbstractTransferListenerAdapter - Downloading http://repo.maven.apache.org/maven2/org/javassist/javassist/3.18.1-GA/javassist-3.18.1-GA.pom
2015-03-21 12:49:00,141 [Worker-22] INFO  o.e.m.c.i.e.AbstractTransferListenerAdapter - Downloaded http://repo.maven.apache.org/maven2/org/javassist/javassist/3.18.1-GA/javassist-3.18.1-GA.pom
2015-03-21 12:49:00,192 [Worker-22] INFO  o.e.m.c.i.e.AbstractTransferListenerAdapter - Downloading http://repo.maven.apache.org/maven2/org/jboss/jandex/1.1.0.Final/jandex-1.1.0.Final.pom
2015-03-21 12:49:00,291 [Worker-22] INFO  o.e.m.c.i.e.AbstractTransferListenerAdapter - Downloaded http://repo.maven.apache.org/maven2/org/jboss/jandex/1.1.0.Final/jandex-1.1.0.Final.pom
2015-03-21 12:49:00,340 [Worker-22] INFO  o.e.m.c.i.e.AbstractTransferListenerAdapter - Downloading http://repo.maven.apache.org/maven2/org/jboss/jboss-parent/5/jboss-parent-5.pom
2015-03-21 12:49:00,434 [Worker-22] INFO  o.e.m.c.i.e.AbstractTransferListenerAdapter - Downloaded http://repo.maven.apache.org/maven2/org/jboss/jboss-parent/5/jboss-parent-5.pom
2015-03-21 12:49:00,485 [Worker-22] INFO  o.e.m.c.i.e.AbstractTransferListenerAdapter - Downloading http://repo.maven.apache.org/maven2/org/springframework/spring-webmvc/4.0.5.RELEASE/spring-webmvc-4.0.5.RELEASE.pom
2015-03-21 12:49:00,579 [Worker-22] INFO  o.e.m.c.i.e.AbstractTransferListenerAdapter - Downloaded http://repo.maven.apache.org/maven2/org/springframework/spring-webmvc/4.0.5.RELEASE/spring-webmvc-4.0.5.RELEASE.pom
2015-03-21 12:49:00,642 [Worker-22] INFO  o.e.m.c.i.e.AbstractTransferListenerAdapter - Downloading http://repo.maven.apache.org/maven2/log4j/log4j/1.2.17/log4j-1.2.17.jar
2015-03-21 12:49:01,140 [Worker-22] INFO  o.e.m.c.i.e.AbstractTransferListenerAdapter - Downloaded http://repo.maven.apache.org/maven2/log4j/log4j/1.2.17/log4j-1.2.17.jar
2015-03-21 12:49:01,182 [Worker-22] INFO  o.e.m.c.i.e.AbstractTransferListenerAdapter - Downloading http://repo.maven.apache.org/maven2/org/springframework/spring-orm/4.0.5.RELEASE/spring-orm-4.0.5.RELEASE.jar
2015-03-21 12:49:01,471 [Worker-22] INFO  o.e.m.c.i.e.AbstractTransferListenerAdapter - Downloaded http://repo.maven.apache.org/maven2/org/springframework/spring-orm/4.0.5.RELEASE/spring-orm-4.0.5.RELEASE.jar
2015-03-21 12:49:01,523 [Worker-22] INFO  o.e.m.c.i.e.AbstractTransferListenerAdapter - Downloading http://repo.maven.apache.org/maven2/org/springframework/spring-beans/4.0.5.RELEASE/spring-beans-4.0.5.RELEASE.jar
2015-03-21 12:49:01,898 [Worker-22] INFO  o.e.m.c.i.e.AbstractTransferListenerAdapter - Downloaded http://repo.maven.apache.org/maven2/org/springframework/spring-beans/4.0.5.RELEASE/spring-beans-4.0.5.RELEASE.jar
2015-03-21 12:49:01,943 [Worker-22] INFO  o.e.m.c.i.e.AbstractTransferListenerAdapter - Downloading http://repo.maven.apache.org/maven2/org/springframework/spring-core/4.0.5.RELEASE/spring-core-4.0.5.RELEASE.jar
2015-03-21 12:49:02,355 [Worker-22] INFO  o.e.m.c.i.e.AbstractTransferListenerAdapter - Downloaded http://repo.maven.apache.org/maven2/org/springframework/spring-core/4.0.5.RELEASE/spring-core-4.0.5.RELEASE.jar
2015-03-21 12:49:02,397 [Worker-22] INFO  o.e.m.c.i.e.AbstractTransferListenerAdapter - Downloading http://repo.maven.apache.org/maven2/commons-logging/commons-logging/1.1.3/commons-logging-1.1.3.jar
2015-03-21 12:49:02,484 [Worker-22] INFO  o.e.m.c.i.e.AbstractTransferListenerAdapter - Downloaded http://repo.maven.apache.org/maven2/commons-logging/commons-logging/1.1.3/commons-logging-1.1.3.jar
2015-03-21 12:49:02,526 [Worker-22] INFO  o.e.m.c.i.e.AbstractTransferListenerAdapter - Downloading http://repo.maven.apache.org/maven2/org/springframework/spring-tx/4.0.5.RELEASE/spring-tx-4.0.5.RELEASE.jar
2015-03-21 12:49:02,693 [Worker-22] INFO  o.e.m.c.i.e.AbstractTransferListenerAdapter - Downloaded http://repo.maven.apache.org/maven2/org/springframework/spring-tx/4.0.5.RELEASE/spring-tx-4.0.5.RELEASE.jar
2015-03-21 12:49:02,734 [Worker-22] INFO  o.e.m.c.i.e.AbstractTransferListenerAdapter - Downloading http://repo.maven.apache.org/maven2/org/springframework/spring-jdbc/4.0.5.RELEASE/spring-jdbc-4.0.5.RELEASE.jar
2015-03-21 12:49:02,979 [Worker-22] INFO  o.e.m.c.i.e.AbstractTransferListenerAdapter - Downloaded http://repo.maven.apache.org/maven2/org/springframework/spring-jdbc/4.0.5.RELEASE/spring-jdbc-4.0.5.RELEASE.jar
2015-03-21 12:49:03,031 [Worker-22] INFO  o.e.m.c.i.e.AbstractTransferListenerAdapter - Downloading http://repo.maven.apache.org/maven2/org/springframework/spring-web/4.0.5.RELEASE/spring-web-4.0.5.RELEASE.jar
2015-03-21 12:49:03,329 [Worker-22] INFO  o.e.m.c.i.e.AbstractTransferListenerAdapter - Downloaded http://repo.maven.apache.org/maven2/org/springframework/spring-web/4.0.5.RELEASE/spring-web-4.0.5.RELEASE.jar
2015-03-21 12:49:03,369 [Worker-22] INFO  o.e.m.c.i.e.AbstractTransferListenerAdapter - Downloading http://repo.maven.apache.org/maven2/org/springframework/spring-aop/4.0.5.RELEASE/spring-aop-4.0.5.RELEASE.jar
2015-03-21 12:49:03,555 [Worker-22] INFO  o.e.m.c.i.e.AbstractTransferListenerAdapter - Downloaded http://repo.maven.apache.org/maven2/org/springframework/spring-aop/4.0.5.RELEASE/spring-aop-4.0.5.RELEASE.jar
2015-03-21 12:49:03,605 [Worker-22] INFO  o.e.m.c.i.e.AbstractTransferListenerAdapter - Downloading http://repo.maven.apache.org/maven2/org/springframework/spring-context/4.0.5.RELEASE/spring-context-4.0.5.RELEASE.jar
2015-03-21 12:49:04,039 [Worker-22] INFO  o.e.m.c.i.e.AbstractTransferListenerAdapter - Downloaded http://repo.maven.apache.org/maven2/org/springframework/spring-context/4.0.5.RELEASE/spring-context-4.0.5.RELEASE.jar
2015-03-21 12:49:04,088 [Worker-22] INFO  o.e.m.c.i.e.AbstractTransferListenerAdapter - Downloading http://repo.maven.apache.org/maven2/org/hibernate/hibernate-entitymanager/4.3.5.Final/hibernate-entitymanager-4.3.5.Final.jar
2015-03-21 12:49:04,378 [Worker-22] INFO  o.e.m.c.i.e.AbstractTransferListenerAdapter - Downloaded http://repo.maven.apache.org/maven2/org/hibernate/hibernate-entitymanager/4.3.5.Final/hibernate-entitymanager-4.3.5.Final.jar
2015-03-21 12:49:04,424 [Worker-22] INFO  o.e.m.c.i.e.AbstractTransferListenerAdapter - Downloading http://repo.maven.apache.org/maven2/org/jboss/logging/jboss-logging/3.1.3.GA/jboss-logging-3.1.3.GA.jar
2015-03-21 12:49:04,521 [Worker-22] INFO  o.e.m.c.i.e.AbstractTransferListenerAdapter - Downloaded http://repo.maven.apache.org/maven2/org/jboss/logging/jboss-logging/3.1.3.GA/jboss-logging-3.1.3.GA.jar
2015-03-21 12:49:04,567 [Worker-22] INFO  o.e.m.c.i.e.AbstractTransferListenerAdapter - Downloading http://repo.maven.apache.org/maven2/org/jboss/logging/jboss-logging-annotations/1.2.0.Beta1/jboss-logging-annotations-1.2.0.Beta1.jar
2015-03-21 12:49:04,661 [Worker-22] INFO  o.e.m.c.i.e.AbstractTransferListenerAdapter - Downloaded http://repo.maven.apache.org/maven2/org/jboss/logging/jboss-logging-annotations/1.2.0.Beta1/jboss-logging-annotations-1.2.0.Beta1.jar
2015-03-21 12:49:04,752 [Worker-22] INFO  o.e.m.c.i.e.AbstractTransferListenerAdapter - Downloading http://repo.maven.apache.org/maven2/org/hibernate/hibernate-core/4.3.5.Final/hibernate-core-4.3.5.Final.jar
2015-03-21 12:49:06,416 [Worker-22] INFO  o.e.m.c.i.e.AbstractTransferListenerAdapter - Downloaded http://repo.maven.apache.org/maven2/org/hibernate/hibernate-core/4.3.5.Final/hibernate-core-4.3.5.Final.jar
2015-03-21 12:49:06,551 [Worker-22] INFO  o.e.m.c.i.e.AbstractTransferListenerAdapter - Downloading http://repo.maven.apache.org/maven2/org/jboss/jandex/1.1.0.Final/jandex-1.1.0.Final.jar
2015-03-21 12:49:06,639 [Worker-22] INFO  o.e.m.c.i.e.AbstractTransferListenerAdapter - Downloaded http://repo.maven.apache.org/maven2/org/jboss/jandex/1.1.0.Final/jandex-1.1.0.Final.jar
2015-03-21 12:49:06,681 [Worker-22] INFO  o.e.m.c.i.e.AbstractTransferListenerAdapter - Downloading http://repo.maven.apache.org/maven2/org/hibernate/common/hibernate-commons-annotations/4.0.4.Final/hibernate-commons-annotations-4.0.4.Final.jar
2015-03-21 12:49:06,769 [Worker-22] INFO  o.e.m.c.i.e.AbstractTransferListenerAdapter - Downloaded http://repo.maven.apache.org/maven2/org/hibernate/common/hibernate-commons-annotations/4.0.4.Final/hibernate-commons-annotations-4.0.4.Final.jar
2015-03-21 12:49:06,811 [Worker-22] INFO  o.e.m.c.i.e.AbstractTransferListenerAdapter - Downloading http://repo.maven.apache.org/maven2/org/hibernate/javax/persistence/hibernate-jpa-2.1-api/1.0.0.Final/hibernate-jpa-2.1-api-1.0.0.Final.jar
2015-03-21 12:49:06,903 [Worker-22] INFO  o.e.m.c.i.e.AbstractTransferListenerAdapter - Downloaded http://repo.maven.apache.org/maven2/org/hibernate/javax/persistence/hibernate-jpa-2.1-api/1.0.0.Final/hibernate-jpa-2.1-api-1.0.0.Final.jar
2015-03-21 12:49:06,944 [Worker-22] INFO  o.e.m.c.i.e.AbstractTransferListenerAdapter - Downloading http://repo.maven.apache.org/maven2/org/jboss/spec/javax/transaction/jboss-transaction-api_1.2_spec/1.0.0.Final/jboss-transaction-api_1.2_spec-1.0.0.Final.jar
2015-03-21 12:49:07,027 [Worker-22] INFO  o.e.m.c.i.e.AbstractTransferListenerAdapter - Downloaded http://repo.maven.apache.org/maven2/org/jboss/spec/javax/transaction/jboss-transaction-api_1.2_spec/1.0.0.Final/jboss-transaction-api_1.2_spec-1.0.0.Final.jar
2015-03-21 12:49:07,073 [Worker-22] INFO  o.e.m.c.i.e.AbstractTransferListenerAdapter - Downloading http://repo.maven.apache.org/maven2/org/javassist/javassist/3.18.1-GA/javassist-3.18.1-GA.jar
2015-03-21 12:49:07,405 [Worker-22] INFO  o.e.m.c.i.e.AbstractTransferListenerAdapter - Downloaded http://repo.maven.apache.org/maven2/org/javassist/javassist/3.18.1-GA/javassist-3.18.1-GA.jar
2015-03-21 12:49:07,449 [Worker-22] INFO  o.e.m.c.i.e.AbstractTransferListenerAdapter - Downloading http://repo.maven.apache.org/maven2/org/springframework/spring-webmvc/4.0.5.RELEASE/spring-webmvc-4.0.5.RELEASE.jar
2015-03-21 12:49:07,744 [Worker-22] INFO  o.e.m.c.i.e.AbstractTransferListenerAdapter - Downloaded http://repo.maven.apache.org/maven2/org/springframework/spring-webmvc/4.0.5.RELEASE/spring-webmvc-4.0.5.RELEASE.jar
2015-03-21 12:49:07,786 [Worker-22] INFO  o.e.m.c.i.e.AbstractTransferListenerAdapter - Downloading http://repo.maven.apache.org/maven2/org/springframework/spring-expression/4.0.5.RELEASE/spring-expression-4.0.5.RELEASE.jar
2015-03-21 12:49:07,916 [Worker-22] INFO  o.e.m.c.i.e.AbstractTransferListenerAdapter - Downloaded http://repo.maven.apache.org/maven2/org/springframework/spring-expression/4.0.5.RELEASE/spring-expression-4.0.5.RELEASE.jar
2015-03-21 12:49:11,703 [Worker-22] WARN  o.e.m.c.i.embedder.EclipseLogger - Using platform encoding (UTF-8 actually) to copy filtered resources, i.e. build is platform dependent!
2015-03-21 12:49:11,703 [Worker-22] INFO  o.e.m.c.i.embedder.EclipseLogger - Copying 0 resource
2015-03-21 12:49:11,704 [Worker-22] WARN  o.e.m.c.i.embedder.EclipseLogger - Using platform encoding (UTF-8 actually) to copy filtered resources, i.e. build is platform dependent!
2015-03-21 12:49:11,705 [Worker-22] INFO  o.e.m.c.i.embedder.EclipseLogger - skip non existing resourceDirectory /home/vlad/Desktop/workspace/RecommendationSystem/src/test/resources
2015-03-21 12:49:11,705 [Worker-22] INFO  o.e.m.w.i.f.ResourceFilteringBuildParticipant - Changed resources require a complete clean of filtered resources of RecommendationSystem
2015-03-21 12:49:11,705 [Worker-22] INFO  o.e.m.w.i.f.ResourceFilteringBuildParticipant - Executing resource filtering for RecommendationSystem
2015-03-21 12:49:11,708 [Worker-22] WARN  o.e.m.c.i.embedder.EclipseLogger - Using platform encoding (UTF-8 actually) to copy filtered resources, i.e. build is platform dependent!
2015-03-21 12:49:11,994 [Worker-25] WARN  o.e.m.c.i.embedder.EclipseLogger - Using platform encoding (UTF-8 actually) to copy filtered resources, i.e. build is platform dependent!
2015-03-21 12:49:11,994 [Worker-25] INFO  o.e.m.c.i.embedder.EclipseLogger - Copying 0 resource
2015-03-21 12:49:11,995 [Worker-25] WARN  o.e.m.c.i.embedder.EclipseLogger - Using platform encoding (UTF-8 actually) to copy filtered resources, i.e. build is platform dependent!
2015-03-21 12:49:11,995 [Worker-25] INFO  o.e.m.c.i.embedder.EclipseLogger - skip non existing resourceDirectory /home/vlad/Desktop/workspace/RecommendationSystem/src/test/resources
2015-03-21 12:49:12,056 [Worker-26] INFO  o.e.m.i.launch.MavenLaunchDelegate - /home/vlad/Desktop/workspace/RecommendationSystem
2015-03-21 12:49:12,056 [Worker-26] INFO  o.e.m.i.launch.MavenLaunchDelegate -  mvn  -B clean install tomcat:run 
2015-03-21 12:49:29,275 [Worker-16] INFO  o.e.m.i.launch.MavenLaunchDelegate - /home/vlad/Desktop/workspace/RecommendationSystem
2015-03-21 12:49:29,275 [Worker-16] INFO  o.e.m.i.launch.MavenLaunchDelegate -  mvn  -B clean install tomcat:run 
2015-03-21 12:53:22,730 [Worker-25] INFO  o.e.m.c.i.l.LifecycleMappingFactory - Using org.maven.ide.eclipse.wtp.WarLifecycleMapping lifecycle mapping for MavenProject: com.web-app:RecommendationSystem:0.0.1-SNAPSHOT @ /home/vlad/Desktop/workspace/RecommendationSystem/pom.xml.
2015-03-21 12:53:22,779 [Worker-25] WARN  o.e.m.c.i.embedder.EclipseLogger - The POM for com.restfb:restfb:jar:1.6.8-SNAPSHOT is missing, no dependency information available
2015-03-21 12:53:22,852 [Worker-25] WARN  o.e.m.c.i.embedder.EclipseLogger - The POM for com.restfb:restfb:jar:1.6.8-SNAPSHOT is missing, no dependency information available
2015-03-21 12:53:23,106 [Worker-25] WARN  o.e.m.c.i.embedder.EclipseLogger - Using platform encoding (UTF-8 actually) to copy filtered resources, i.e. build is platform dependent!
2015-03-21 12:53:23,106 [Worker-25] INFO  o.e.m.c.i.embedder.EclipseLogger - Copying 0 resource
2015-03-21 12:53:23,107 [Worker-25] WARN  o.e.m.c.i.embedder.EclipseLogger - Using platform encoding (UTF-8 actually) to copy filtered resources, i.e. build is platform dependent!
2015-03-21 12:53:23,107 [Worker-25] INFO  o.e.m.c.i.embedder.EclipseLogger - skip non existing resourceDirectory /home/vlad/Desktop/workspace/RecommendationSystem/src/test/resources
2015-03-21 12:53:23,108 [Worker-25] INFO  o.e.m.w.i.f.ResourceFilteringBuildParticipant - Changed resources require a complete clean of filtered resources of RecommendationSystem
2015-03-21 12:53:23,108 [Worker-25] INFO  o.e.m.w.i.f.ResourceFilteringBuildParticipant - Executing resource filtering for RecommendationSystem
2015-03-21 12:53:23,110 [Worker-25] WARN  o.e.m.c.i.embedder.EclipseLogger - Using platform encoding (UTF-8 actually) to copy filtered resources, i.e. build is platform dependent!
2015-03-21 12:53:24,362 [Worker-26] WARN  o.e.m.c.i.embedder.EclipseLogger - The POM for com.restfb:restfb:jar:1.6.8-SNAPSHOT is missing, no dependency information available
2015-03-21 12:53:24,373 [Worker-26] WARN  o.e.m.c.i.embedder.EclipseLogger - Using platform encoding (UTF-8 actually) to copy filtered resources, i.e. build is platform dependent!
2015-03-21 12:53:24,373 [Worker-26] INFO  o.e.m.c.i.embedder.EclipseLogger - Copying 0 resource
2015-03-21 12:53:24,374 [Worker-26] WARN  o.e.m.c.i.embedder.EclipseLogger - Using platform encoding (UTF-8 actually) to copy filtered resources, i.e. build is platform dependent!
2015-03-21 12:53:24,374 [Worker-26] INFO  o.e.m.c.i.embedder.EclipseLogger - skip non existing resourceDirectory /home/vlad/Desktop/workspace/RecommendationSystem/src/test/resources
2015-03-21 12:53:29,115 [Worker-26] INFO  o.e.m.i.launch.MavenLaunchDelegate - /home/vlad/Desktop/workspace/RecommendationSystem
2015-03-21 12:53:29,115 [Worker-26] INFO  o.e.m.i.launch.MavenLaunchDelegate -  mvn  -B clean install tomcat:run 
2015-03-21 12:54:22,781 [Worker-22] INFO  o.e.m.c.i.l.LifecycleMappingFactory - Using org.maven.ide.eclipse.wtp.WarLifecycleMapping lifecycle mapping for MavenProject: com.web-app:RecommendationSystem:0.0.1-SNAPSHOT @ /home/vlad/Desktop/workspace/RecommendationSystem/pom.xml.
2015-03-21 12:54:23,065 [Worker-22] INFO  o.e.m.c.i.e.AbstractTransferListenerAdapter - Downloading http://repo.maven.apache.org/maven2/com/restfb/restfb/1.6.9/restfb-1.6.9.pom
2015-03-21 12:54:23,169 [Worker-22] INFO  o.e.m.c.i.e.AbstractTransferListenerAdapter - Downloaded http://repo.maven.apache.org/maven2/com/restfb/restfb/1.6.9/restfb-1.6.9.pom
2015-03-21 12:54:23,227 [Worker-22] INFO  o.e.m.c.i.e.AbstractTransferListenerAdapter - Downloading http://repo.maven.apache.org/maven2/com/restfb/restfb/1.6.9/restfb-1.6.9.jar
2015-03-21 12:54:23,468 [Worker-22] INFO  o.e.m.c.i.e.AbstractTransferListenerAdapter - Downloaded http://repo.maven.apache.org/maven2/com/restfb/restfb/1.6.9/restfb-1.6.9.jar
2015-03-21 12:54:23,843 [Worker-22] WARN  o.e.m.c.i.embedder.EclipseLogger - Using platform encoding (UTF-8 actually) to copy filtered resources, i.e. build is platform dependent!
2015-03-21 12:54:23,843 [Worker-22] INFO  o.e.m.c.i.embedder.EclipseLogger - Copying 0 resource
2015-03-21 12:54:23,844 [Worker-22] WARN  o.e.m.c.i.embedder.EclipseLogger - Using platform encoding (UTF-8 actually) to copy filtered resources, i.e. build is platform dependent!
2015-03-21 12:54:23,844 [Worker-22] INFO  o.e.m.c.i.embedder.EclipseLogger - skip non existing resourceDirectory /home/vlad/Desktop/workspace/RecommendationSystem/src/test/resources
2015-03-21 12:54:23,844 [Worker-22] INFO  o.e.m.w.i.f.ResourceFilteringBuildParticipant - Changed resources require a complete clean of filtered resources of RecommendationSystem
2015-03-21 12:54:23,844 [Worker-22] INFO  o.e.m.w.i.f.ResourceFilteringBuildParticipant - Executing resource filtering for RecommendationSystem
2015-03-21 12:54:23,846 [Worker-22] WARN  o.e.m.c.i.embedder.EclipseLogger - Using platform encoding (UTF-8 actually) to copy filtered resources, i.e. build is platform dependent!
2015-03-21 12:54:25,124 [Worker-26] WARN  o.e.m.c.i.embedder.EclipseLogger - Using platform encoding (UTF-8 actually) to copy filtered resources, i.e. build is platform dependent!
2015-03-21 12:54:25,125 [Worker-26] INFO  o.e.m.c.i.embedder.EclipseLogger - Copying 0 resource
2015-03-21 12:54:25,127 [Worker-26] WARN  o.e.m.c.i.embedder.EclipseLogger - Using platform encoding (UTF-8 actually) to copy filtered resources, i.e. build is platform dependent!
2015-03-21 12:54:25,127 [Worker-26] INFO  o.e.m.c.i.embedder.EclipseLogger - skip non existing resourceDirectory /home/vlad/Desktop/workspace/RecommendationSystem/src/test/resources
2015-03-21 12:54:26,501 [Worker-26] INFO  o.e.m.i.launch.MavenLaunchDelegate - /home/vlad/Desktop/workspace/RecommendationSystem
2015-03-21 12:54:26,501 [Worker-26] INFO  o.e.m.i.launch.MavenLaunchDelegate -  mvn  -B clean install tomcat:run 
2015-03-21 13:26:51,844 [Worker-5] WARN  o.e.m.c.i.embedder.EclipseLogger - Using platform encoding (UTF-8 actually) to copy filtered resources, i.e. build is platform dependent!
2015-03-21 13:26:51,854 [Worker-5] INFO  o.e.m.c.i.embedder.EclipseLogger - Copying 0 resource
2015-03-21 13:26:51,858 [Worker-5] WARN  o.e.m.c.i.embedder.EclipseLogger - Using platform encoding (UTF-8 actually) to copy filtered resources, i.e. build is platform dependent!
2015-03-21 13:26:51,858 [Worker-5] INFO  o.e.m.c.i.embedder.EclipseLogger - skip non existing resourceDirectory /home/vlad/Desktop/workspace/RecommendationSystem/src/test/resources
2015-03-21 13:29:18,816 [Worker-0] WARN  o.e.m.c.i.embedder.EclipseLogger - Using platform encoding (UTF-8 actually) to copy filtered resources, i.e. build is platform dependent!
2015-03-21 13:29:18,819 [Worker-0] INFO  o.e.m.c.i.embedder.EclipseLogger - Copying 0 resource
2015-03-21 13:29:18,820 [Worker-0] WARN  o.e.m.c.i.embedder.EclipseLogger - Using platform encoding (UTF-8 actually) to copy filtered resources, i.e. build is platform dependent!
2015-03-21 13:29:18,820 [Worker-0] INFO  o.e.m.c.i.embedder.EclipseLogger - skip non existing resourceDirectory /home/vlad/Desktop/workspace/RecommendationSystem/src/test/resources
2015-03-21 13:30:17,872 [Worker-0] WARN  o.e.m.c.i.embedder.EclipseLogger - Using platform encoding (UTF-8 actually) to copy filtered resources, i.e. build is platform dependent!
2015-03-21 13:30:17,873 [Worker-0] INFO  o.e.m.c.i.embedder.EclipseLogger - Copying 0 resource
2015-03-21 13:30:17,876 [Worker-0] WARN  o.e.m.c.i.embedder.EclipseLogger - Using platform encoding (UTF-8 actually) to copy filtered resources, i.e. build is platform dependent!
2015-03-21 13:30:17,877 [Worker-0] INFO  o.e.m.c.i.embedder.EclipseLogger - skip non existing resourceDirectory /home/vlad/Desktop/workspace/RecommendationSystem/src/test/resources
2015-03-21 13:37:09,240 [Worker-11] WARN  o.e.m.c.i.embedder.EclipseLogger - Using platform encoding (UTF-8 actually) to copy filtered resources, i.e. build is platform dependent!
2015-03-21 13:37:09,241 [Worker-11] INFO  o.e.m.c.i.embedder.EclipseLogger - Copying 0 resource
2015-03-21 13:37:09,243 [Worker-11] WARN  o.e.m.c.i.embedder.EclipseLogger - Using platform encoding (UTF-8 actually) to copy filtered resources, i.e. build is platform dependent!
2015-03-21 13:37:09,243 [Worker-11] INFO  o.e.m.c.i.embedder.EclipseLogger - skip non existing resourceDirectory /home/vlad/Desktop/workspace/RecommendationSystem/src/test/resources
2015-03-21 13:40:30,889 [Worker-14] WARN  o.e.m.c.i.embedder.EclipseLogger - Using platform encoding (UTF-8 actually) to copy filtered resources, i.e. build is platform dependent!
2015-03-21 13:40:30,890 [Worker-14] INFO  o.e.m.c.i.embedder.EclipseLogger - Copying 0 resource
2015-03-21 13:40:30,892 [Worker-14] WARN  o.e.m.c.i.embedder.EclipseLogger - Using platform encoding (UTF-8 actually) to copy filtered resources, i.e. build is platform dependent!
2015-03-21 13:40:30,892 [Worker-14] INFO  o.e.m.c.i.embedder.EclipseLogger - skip non existing resourceDirectory /home/vlad/Desktop/workspace/RecommendationSystem/src/test/resources
2015-03-21 13:40:51,989 [Worker-1] WARN  o.e.m.c.i.embedder.EclipseLogger - Using platform encoding (UTF-8 actually) to copy filtered resources, i.e. build is platform dependent!
2015-03-21 13:40:51,990 [Worker-1] INFO  o.e.m.c.i.embedder.EclipseLogger - Copying 0 resource
2015-03-21 13:40:51,992 [Worker-1] WARN  o.e.m.c.i.embedder.EclipseLogger - Using platform encoding (UTF-8 actually) to copy filtered resources, i.e. build is platform dependent!
2015-03-21 13:40:51,992 [Worker-1] INFO  o.e.m.c.i.embedder.EclipseLogger - skip non existing resourceDirectory /home/vlad/Desktop/workspace/RecommendationSystem/src/test/resources
2015-03-21 13:41:02,461 [Worker-15] WARN  o.e.m.c.i.embedder.EclipseLogger - Using platform encoding (UTF-8 actually) to copy filtered resources, i.e. build is platform dependent!
2015-03-21 13:41:02,461 [Worker-15] INFO  o.e.m.c.i.embedder.EclipseLogger - Copying 0 resource
2015-03-21 13:41:02,464 [Worker-15] WARN  o.e.m.c.i.embedder.EclipseLogger - Using platform encoding (UTF-8 actually) to copy filtered resources, i.e. build is platform dependent!
2015-03-21 13:41:02,464 [Worker-15] INFO  o.e.m.c.i.embedder.EclipseLogger - skip non existing resourceDirectory /home/vlad/Desktop/workspace/RecommendationSystem/src/test/resources
2015-03-21 13:41:39,253 [Worker-15] WARN  o.e.m.c.i.embedder.EclipseLogger - Using platform encoding (UTF-8 actually) to copy filtered resources, i.e. build is platform dependent!
2015-03-21 13:41:39,253 [Worker-15] INFO  o.e.m.c.i.embedder.EclipseLogger - Copying 0 resource
2015-03-21 13:41:39,255 [Worker-15] WARN  o.e.m.c.i.embedder.EclipseLogger - Using platform encoding (UTF-8 actually) to copy filtered resources, i.e. build is platform dependent!
2015-03-21 13:41:39,256 [Worker-15] INFO  o.e.m.c.i.embedder.EclipseLogger - skip non existing resourceDirectory /home/vlad/Desktop/workspace/RecommendationSystem/src/test/resources
2015-03-21 13:42:11,479 [Worker-8] WARN  o.e.m.c.i.embedder.EclipseLogger - Using platform encoding (UTF-8 actually) to copy filtered resources, i.e. build is platform dependent!
2015-03-21 13:42:11,480 [Worker-8] INFO  o.e.m.c.i.embedder.EclipseLogger - Copying 0 resource
2015-03-21 13:42:11,482 [Worker-8] WARN  o.e.m.c.i.embedder.EclipseLogger - Using platform encoding (UTF-8 actually) to copy filtered resources, i.e. build is platform dependent!
2015-03-21 13:42:11,482 [Worker-8] INFO  o.e.m.c.i.embedder.EclipseLogger - skip non existing resourceDirectory /home/vlad/Desktop/workspace/RecommendationSystem/src/test/resources
2015-03-21 13:42:39,776 [Worker-15] INFO  o.e.m.i.launch.MavenLaunchDelegate - /home/vlad/Desktop/workspace/RecommendationSystem
2015-03-21 13:42:39,776 [Worker-15] INFO  o.e.m.i.launch.MavenLaunchDelegate -  mvn  -B clean install tomcat:run 
2015-03-21 13:45:22,570 [Worker-16] INFO  o.e.m.c.i.l.LifecycleMappingFactory - Using org.maven.ide.eclipse.wtp.WarLifecycleMapping lifecycle mapping for MavenProject: com.web-app:RecommendationSystem:0.0.1-SNAPSHOT @ /home/vlad/Desktop/workspace/RecommendationSystem/pom.xml.
2015-03-21 13:45:22,922 [Worker-16] INFO  o.e.m.c.i.e.AbstractTransferListenerAdapter - Downloading http://repo.maven.apache.org/maven2/commons-dbcp/commons-dbcp/1.4/commons-dbcp-1.4.pom
2015-03-21 13:45:23,011 [Worker-16] INFO  o.e.m.c.i.e.AbstractTransferListenerAdapter - Downloaded http://repo.maven.apache.org/maven2/commons-dbcp/commons-dbcp/1.4/commons-dbcp-1.4.pom
2015-03-21 13:45:23,060 [Worker-16] INFO  o.e.m.c.i.e.AbstractTransferListenerAdapter - Downloading http://repo.maven.apache.org/maven2/org/apache/commons/commons-parent/12/commons-parent-12.pom
2015-03-21 13:45:23,191 [Worker-16] INFO  o.e.m.c.i.e.AbstractTransferListenerAdapter - Downloaded http://repo.maven.apache.org/maven2/org/apache/commons/commons-parent/12/commons-parent-12.pom
2015-03-21 13:45:23,241 [Worker-16] INFO  o.e.m.c.i.e.AbstractTransferListenerAdapter - Downloading http://repo.maven.apache.org/maven2/commons-pool/commons-pool/1.5.4/commons-pool-1.5.4.pom
2015-03-21 13:45:23,328 [Worker-16] INFO  o.e.m.c.i.e.AbstractTransferListenerAdapter - Downloaded http://repo.maven.apache.org/maven2/commons-pool/commons-pool/1.5.4/commons-pool-1.5.4.pom
2015-03-21 13:45:23,388 [Worker-16] INFO  o.e.m.c.i.e.AbstractTransferListenerAdapter - Downloading http://repo.maven.apache.org/maven2/commons-dbcp/commons-dbcp/1.4/commons-dbcp-1.4.jar
2015-03-21 13:45:23,623 [Worker-16] INFO  o.e.m.c.i.e.AbstractTransferListenerAdapter - Downloaded http://repo.maven.apache.org/maven2/commons-dbcp/commons-dbcp/1.4/commons-dbcp-1.4.jar
2015-03-21 13:45:23,667 [Worker-16] INFO  o.e.m.c.i.e.AbstractTransferListenerAdapter - Downloading http://repo.maven.apache.org/maven2/commons-pool/commons-pool/1.5.4/commons-pool-1.5.4.jar
2015-03-21 13:45:23,798 [Worker-16] INFO  o.e.m.c.i.e.AbstractTransferListenerAdapter - Downloaded http://repo.maven.apache.org/maven2/commons-pool/commons-pool/1.5.4/commons-pool-1.5.4.jar
2015-03-21 13:45:25,511 [Worker-16] WARN  o.e.m.c.i.embedder.EclipseLogger - Using platform encoding (UTF-8 actually) to copy filtered resources, i.e. build is platform dependent!
2015-03-21 13:45:25,512 [Worker-16] INFO  o.e.m.c.i.embedder.EclipseLogger - Copying 0 resource
2015-03-21 13:45:25,513 [Worker-16] WARN  o.e.m.c.i.embedder.EclipseLogger - Using platform encoding (UTF-8 actually) to copy filtered resources, i.e. build is platform dependent!
2015-03-21 13:45:25,514 [Worker-16] INFO  o.e.m.c.i.embedder.EclipseLogger - skip non existing resourceDirectory /home/vlad/Desktop/workspace/RecommendationSystem/src/test/resources
2015-03-21 13:45:25,514 [Worker-16] INFO  o.e.m.w.i.f.ResourceFilteringBuildParticipant - Changed resources require a complete clean of filtered resources of RecommendationSystem
2015-03-21 13:45:25,515 [Worker-16] INFO  o.e.m.w.i.f.ResourceFilteringBuildParticipant - Executing resource filtering for RecommendationSystem
2015-03-21 13:45:25,520 [Worker-16] WARN  o.e.m.c.i.embedder.EclipseLogger - Using platform encoding (UTF-8 actually) to copy filtered resources, i.e. build is platform dependent!
2015-03-21 13:45:26,848 [Worker-16] WARN  o.e.m.c.i.embedder.EclipseLogger - Using platform encoding (UTF-8 actually) to copy filtered resources, i.e. build is platform dependent!
2015-03-21 13:45:26,848 [Worker-16] INFO  o.e.m.c.i.embedder.EclipseLogger - Copying 0 resource
2015-03-21 13:45:26,849 [Worker-16] WARN  o.e.m.c.i.embedder.EclipseLogger - Using platform encoding (UTF-8 actually) to copy filtered resources, i.e. build is platform dependent!
2015-03-21 13:45:26,849 [Worker-16] INFO  o.e.m.c.i.embedder.EclipseLogger - skip non existing resourceDirectory /home/vlad/Desktop/workspace/RecommendationSystem/src/test/resources
2015-03-21 13:45:26,952 [Worker-8] INFO  o.e.m.i.launch.MavenLaunchDelegate - /home/vlad/Desktop/workspace/RecommendationSystem
2015-03-21 13:45:26,953 [Worker-8] INFO  o.e.m.i.launch.MavenLaunchDelegate -  mvn  -B clean install tomcat:run 
2015-03-22 09:52:06,182 [Worker-0] INFO  o.e.m.c.i.l.LifecycleMappingFactory - Using org.maven.ide.eclipse.wtp.WarLifecycleMapping lifecycle mapping for MavenProject: com.web-app:RecommendationSystem:0.0.1-SNAPSHOT @ /home/vlad/Desktop/workspace/RecommendationSystem/pom.xml.
2015-03-22 09:52:09,951 [Worker-0] WARN  o.e.m.c.i.embedder.EclipseLogger - Using platform encoding (UTF-8 actually) to copy filtered resources, i.e. build is platform dependent!
2015-03-22 09:52:09,958 [Worker-0] INFO  o.e.m.c.i.embedder.EclipseLogger - Copying 0 resource
2015-03-22 09:52:09,960 [Worker-0] WARN  o.e.m.c.i.embedder.EclipseLogger - Using platform encoding (UTF-8 actually) to copy filtered resources, i.e. build is platform dependent!
2015-03-22 09:52:09,961 [Worker-0] INFO  o.e.m.c.i.embedder.EclipseLogger - skip non existing resourceDirectory /home/vlad/Desktop/workspace/RecommendationSystem/src/test/resources
2015-03-22 09:52:17,253 [main] ERROR o.e.m2e.editor.pom.OverviewPage - Failed to populate overview panel
java.lang.NullPointerException: null
	at org.eclipse.m2e.core.ui.internal.editing.PomEdits.performOnDOMDocument(PomEdits.java:460) ~[org.eclipse.m2e.core.ui_1.5.1.20150109-1820.jar:na]
	at org.eclipse.m2e.editor.pom.OverviewPage$17.run(OverviewPage.java:1128) ~[na:na]
	at org.eclipse.swt.widgets.RunnableLock.run(RunnableLock.java:35) [org.eclipse.swt.gtk.linux.x86_3.103.2.v20150203-1351.jar:na]
	at org.eclipse.swt.widgets.Synchronizer.runAsyncMessages(Synchronizer.java:136) [org.eclipse.swt.gtk.linux.x86_3.103.2.v20150203-1351.jar:na]
	at org.eclipse.swt.widgets.Display.runAsyncMessages(Display.java:3774) [org.eclipse.swt.gtk.linux.x86_3.103.2.v20150203-1351.jar:na]
	at org.eclipse.swt.widgets.Display.readAndDispatch(Display.java:3412) [org.eclipse.swt.gtk.linux.x86_3.103.2.v20150203-1351.jar:na]
	at org.eclipse.e4.ui.internal.workbench.swt.PartRenderingEngine$9.run(PartRenderingEngine.java:1151) [org.eclipse.e4.ui.workbench.swt_0.12.100.v20141126-1150.jar:na]
	at org.eclipse.core.databinding.observable.Realm.runWithDefault(Realm.java:332) [org.eclipse.core.databinding.observable_1.4.1.v20140210-1835.jar:na]
	at org.eclipse.e4.ui.internal.workbench.swt.PartRenderingEngine.run(PartRenderingEngine.java:1032) [org.eclipse.e4.ui.workbench.swt_0.12.100.v20141126-1150.jar:na]
	at org.eclipse.e4.ui.internal.workbench.E4Workbench.createAndRunUI(E4Workbench.java:148) [org.eclipse.e4.ui.workbench_1.2.2.v20141212-1259.jar:na]
	at org.eclipse.ui.internal.Workbench$5.run(Workbench.java:636) [org.eclipse.ui.workbench_3.106.2.v20150204-1030.jar:na]
	at org.eclipse.core.databinding.observable.Realm.runWithDefault(Realm.java:332) [org.eclipse.core.databinding.observable_1.4.1.v20140210-1835.jar:na]
	at org.eclipse.ui.internal.Workbench.createAndRunWorkbench(Workbench.java:579) [org.eclipse.ui.workbench_3.106.2.v20150204-1030.jar:na]
	at org.eclipse.ui.PlatformUI.createAndRunWorkbench(PlatformUI.java:150) [org.eclipse.ui.workbench_3.106.2.v20150204-1030.jar:na]
	at org.eclipse.ui.internal.ide.application.IDEApplication.start(IDEApplication.java:135) [org.eclipse.ui.ide.application_1.0.501.v20141111-1238.jar:na]
	at org.eclipse.equinox.internal.app.EclipseAppHandle.run(EclipseAppHandle.java:196) [org.eclipse.equinox.app_1.3.200.v20130910-1609.jar:na]
	at org.eclipse.core.runtime.internal.adaptor.EclipseAppLauncher.runApplication(EclipseAppLauncher.java:134) [org.eclipse.osgi_3.10.2.v20150203-1939.jar:na]
	at org.eclipse.core.runtime.internal.adaptor.EclipseAppLauncher.start(EclipseAppLauncher.java:104) [org.eclipse.osgi_3.10.2.v20150203-1939.jar:na]
	at org.eclipse.core.runtime.adaptor.EclipseStarter.run(EclipseStarter.java:380) [org.eclipse.osgi_3.10.2.v20150203-1939.jar:na]
	at org.eclipse.core.runtime.adaptor.EclipseStarter.run(EclipseStarter.java:235) [org.eclipse.osgi_3.10.2.v20150203-1939.jar:na]
	at sun.reflect.NativeMethodAccessorImpl.invoke0(Native Method) ~[na:1.8.0_31]
	at sun.reflect.NativeMethodAccessorImpl.invoke(NativeMethodAccessorImpl.java:62) ~[na:1.8.0_31]
	at sun.reflect.DelegatingMethodAccessorImpl.invoke(DelegatingMethodAccessorImpl.java:43) ~[na:1.8.0_31]
	at java.lang.reflect.Method.invoke(Method.java:483) ~[na:1.8.0_31]
	at org.eclipse.equinox.launcher.Main.invokeFramework(Main.java:648) [org.eclipse.equinox.launcher_1.3.0.v20140415-2008.jar:na]
	at org.eclipse.equinox.launcher.Main.basicRun(Main.java:603) [org.eclipse.equinox.launcher_1.3.0.v20140415-2008.jar:na]
	at org.eclipse.equinox.launcher.Main.run(Main.java:1465) [org.eclipse.equinox.launcher_1.3.0.v20140415-2008.jar:na]
2015-03-22 09:52:43,303 [Worker-3] INFO  o.e.m.i.launch.MavenLaunchDelegate - /home/vlad/Desktop/workspace/RecommendationSystem
2015-03-22 09:52:43,303 [Worker-3] INFO  o.e.m.i.launch.MavenLaunchDelegate -  mvn  -B clean install tomcat:run 
2015-03-26 21:02:15,902 [Worker-5] WARN  o.e.m.c.i.embedder.EclipseLogger - Using platform encoding (UTF-8 actually) to copy filtered resources, i.e. build is platform dependent!
2015-03-26 21:02:15,909 [Worker-5] INFO  o.e.m.c.i.embedder.EclipseLogger - Copying 0 resource
2015-03-26 21:02:15,912 [Worker-5] WARN  o.e.m.c.i.embedder.EclipseLogger - Using platform encoding (UTF-8 actually) to copy filtered resources, i.e. build is platform dependent!
2015-03-26 21:02:15,913 [Worker-5] INFO  o.e.m.c.i.embedder.EclipseLogger - skip non existing resourceDirectory /home/vlad/Desktop/workspace/RecommendationSystem/src/test/resources
2015-03-26 21:06:36,224 [Worker-3] WARN  o.e.m.c.i.embedder.EclipseLogger - Using platform encoding (UTF-8 actually) to copy filtered resources, i.e. build is platform dependent!
2015-03-26 21:06:36,235 [Worker-3] INFO  o.e.m.c.i.embedder.EclipseLogger - Copying 0 resource
2015-03-26 21:06:36,236 [Worker-3] WARN  o.e.m.c.i.embedder.EclipseLogger - Using platform encoding (UTF-8 actually) to copy filtered resources, i.e. build is platform dependent!
2015-03-26 21:06:36,237 [Worker-3] INFO  o.e.m.c.i.embedder.EclipseLogger - skip non existing resourceDirectory /home/vlad/Desktop/workspace/RecommendationSystem/src/test/resources
2015-03-26 21:09:47,656 [Worker-10] INFO  o.e.m.c.i.l.LifecycleMappingFactory - Using org.maven.ide.eclipse.wtp.WarLifecycleMapping lifecycle mapping for MavenProject: com.web-app:RecommendationSystem:0.0.1-SNAPSHOT @ /home/vlad/Desktop/workspace/RecommendationSystem/pom.xml.
2015-03-26 21:09:48,075 [Worker-10] WARN  o.e.m.c.i.embedder.EclipseLogger - Using platform encoding (UTF-8 actually) to copy filtered resources, i.e. build is platform dependent!
2015-03-26 21:09:48,075 [Worker-10] INFO  o.e.m.c.i.embedder.EclipseLogger - Copying 0 resource
2015-03-26 21:09:48,088 [Worker-10] WARN  o.e.m.c.i.embedder.EclipseLogger - Using platform encoding (UTF-8 actually) to copy filtered resources, i.e. build is platform dependent!
2015-03-26 21:09:48,088 [Worker-10] INFO  o.e.m.c.i.embedder.EclipseLogger - skip non existing resourceDirectory /home/vlad/Desktop/workspace/RecommendationSystem/src/test/resources
2015-03-26 21:09:48,088 [Worker-10] INFO  o.e.m.w.i.f.ResourceFilteringBuildParticipant - Changed resources require a complete clean of filtered resources of RecommendationSystem
2015-03-26 21:09:48,089 [Worker-10] INFO  o.e.m.w.i.f.ResourceFilteringBuildParticipant - Executing resource filtering for RecommendationSystem
2015-03-26 21:09:48,094 [Worker-10] WARN  o.e.m.c.i.embedder.EclipseLogger - Using platform encoding (UTF-8 actually) to copy filtered resources, i.e. build is platform dependent!
2015-03-26 21:10:17,774 [Worker-8] INFO  o.e.m.c.i.l.LifecycleMappingFactory - Using org.maven.ide.eclipse.wtp.WarLifecycleMapping lifecycle mapping for MavenProject: com.web-app:RecommendationSystem:0.0.1-SNAPSHOT @ /home/vlad/Desktop/workspace/RecommendationSystem/pom.xml.
2015-03-26 21:10:18,022 [Worker-7] INFO  o.e.m.c.i.e.AbstractTransferListenerAdapter - Downloading http://repo.maven.apache.org/maven2/org/springframework/social/spring-social-facebook/1.1.1.RELEASE/spring-social-facebook-1.1.1.RELEASE.pom
2015-03-26 21:10:18,128 [Worker-7] INFO  o.e.m.c.i.e.AbstractTransferListenerAdapter - Downloaded http://repo.maven.apache.org/maven2/org/springframework/social/spring-social-facebook/1.1.1.RELEASE/spring-social-facebook-1.1.1.RELEASE.pom
2015-03-26 21:10:18,171 [Worker-7] INFO  o.e.m.c.i.e.AbstractTransferListenerAdapter - Downloading http://repo.maven.apache.org/maven2/com/fasterxml/jackson/core/jackson-annotations/2.3.2/jackson-annotations-2.3.2.pom
2015-03-26 21:10:18,248 [Worker-7] INFO  o.e.m.c.i.e.AbstractTransferListenerAdapter - Downloaded http://repo.maven.apache.org/maven2/com/fasterxml/jackson/core/jackson-annotations/2.3.2/jackson-annotations-2.3.2.pom
2015-03-26 21:10:18,290 [Worker-7] INFO  o.e.m.c.i.e.AbstractTransferListenerAdapter - Downloading http://repo.maven.apache.org/maven2/com/fasterxml/oss-parent/11/oss-parent-11.pom
2015-03-26 21:10:18,407 [Worker-7] INFO  o.e.m.c.i.e.AbstractTransferListenerAdapter - Downloaded http://repo.maven.apache.org/maven2/com/fasterxml/oss-parent/11/oss-parent-11.pom
2015-03-26 21:10:18,453 [Worker-8] INFO  o.e.m.c.i.e.AbstractTransferListenerAdapter - Downloading http://repo.maven.apache.org/maven2/org/springframework/social/spring-social-config/1.1.0.RELEASE/spring-social-config-1.1.0.RELEASE.pom
2015-03-26 21:10:18,531 [Worker-8] INFO  o.e.m.c.i.e.AbstractTransferListenerAdapter - Downloaded http://repo.maven.apache.org/maven2/org/springframework/social/spring-social-config/1.1.0.RELEASE/spring-social-config-1.1.0.RELEASE.pom
2015-03-26 21:10:18,574 [Worker-8] INFO  o.e.m.c.i.e.AbstractTransferListenerAdapter - Downloading http://repo.maven.apache.org/maven2/org/springframework/social/spring-social-web/1.1.0.RELEASE/spring-social-web-1.1.0.RELEASE.pom
2015-03-26 21:10:18,652 [Worker-8] INFO  o.e.m.c.i.e.AbstractTransferListenerAdapter - Downloaded http://repo.maven.apache.org/maven2/org/springframework/social/spring-social-web/1.1.0.RELEASE/spring-social-web-1.1.0.RELEASE.pom
2015-03-26 21:10:18,695 [Worker-8] INFO  o.e.m.c.i.e.AbstractTransferListenerAdapter - Downloading http://repo.maven.apache.org/maven2/javax/inject/javax.inject/1/javax.inject-1.pom
2015-03-26 21:10:18,773 [Worker-8] INFO  o.e.m.c.i.e.AbstractTransferListenerAdapter - Downloaded http://repo.maven.apache.org/maven2/javax/inject/javax.inject/1/javax.inject-1.pom
2015-03-26 21:10:18,814 [Worker-8] INFO  o.e.m.c.i.e.AbstractTransferListenerAdapter - Downloading http://repo.maven.apache.org/maven2/org/springframework/social/spring-social-core/1.1.0.RELEASE/spring-social-core-1.1.0.RELEASE.pom
2015-03-26 21:10:18,894 [Worker-8] INFO  o.e.m.c.i.e.AbstractTransferListenerAdapter - Downloaded http://repo.maven.apache.org/maven2/org/springframework/social/spring-social-core/1.1.0.RELEASE/spring-social-core-1.1.0.RELEASE.pom
2015-03-26 21:10:18,936 [Worker-7] INFO  o.e.m.c.i.e.AbstractTransferListenerAdapter - Downloading http://repo.maven.apache.org/maven2/org/springframework/spring-web/4.0.3.RELEASE/spring-web-4.0.3.RELEASE.pom
2015-03-26 21:10:19,014 [Worker-7] INFO  o.e.m.c.i.e.AbstractTransferListenerAdapter - Downloaded http://repo.maven.apache.org/maven2/org/springframework/spring-web/4.0.3.RELEASE/spring-web-4.0.3.RELEASE.pom
2015-03-26 21:10:19,056 [Worker-7] INFO  o.e.m.c.i.e.AbstractTransferListenerAdapter - Downloading http://repo.maven.apache.org/maven2/org/springframework/spring-aop/4.0.3.RELEASE/spring-aop-4.0.3.RELEASE.pom
2015-03-26 21:10:19,149 [Worker-7] INFO  o.e.m.c.i.e.AbstractTransferListenerAdapter - Downloaded http://repo.maven.apache.org/maven2/org/springframework/spring-aop/4.0.3.RELEASE/spring-aop-4.0.3.RELEASE.pom
2015-03-26 21:10:19,192 [Worker-7] INFO  o.e.m.c.i.e.AbstractTransferListenerAdapter - Downloading http://repo.maven.apache.org/maven2/org/springframework/spring-beans/4.0.3.RELEASE/spring-beans-4.0.3.RELEASE.pom
2015-03-26 21:10:19,270 [Worker-7] INFO  o.e.m.c.i.e.AbstractTransferListenerAdapter - Downloaded http://repo.maven.apache.org/maven2/org/springframework/spring-beans/4.0.3.RELEASE/spring-beans-4.0.3.RELEASE.pom
2015-03-26 21:10:19,326 [Worker-7] INFO  o.e.m.c.i.e.AbstractTransferListenerAdapter - Downloading http://repo.maven.apache.org/maven2/org/springframework/spring-core/4.0.3.RELEASE/spring-core-4.0.3.RELEASE.pom
2015-03-26 21:10:19,404 [Worker-7] INFO  o.e.m.c.i.e.AbstractTransferListenerAdapter - Downloaded http://repo.maven.apache.org/maven2/org/springframework/spring-core/4.0.3.RELEASE/spring-core-4.0.3.RELEASE.pom
2015-03-26 21:10:19,447 [Worker-8] INFO  o.e.m.c.i.e.AbstractTransferListenerAdapter - Downloading http://repo.maven.apache.org/maven2/org/springframework/spring-context/4.0.3.RELEASE/spring-context-4.0.3.RELEASE.pom
2015-03-26 21:10:19,525 [Worker-8] INFO  o.e.m.c.i.e.AbstractTransferListenerAdapter - Downloaded http://repo.maven.apache.org/maven2/org/springframework/spring-context/4.0.3.RELEASE/spring-context-4.0.3.RELEASE.pom
2015-03-26 21:10:19,568 [Worker-8] INFO  o.e.m.c.i.e.AbstractTransferListenerAdapter - Downloading http://repo.maven.apache.org/maven2/org/springframework/spring-expression/4.0.3.RELEASE/spring-expression-4.0.3.RELEASE.pom
2015-03-26 21:10:19,645 [Worker-8] INFO  o.e.m.c.i.e.AbstractTransferListenerAdapter - Downloaded http://repo.maven.apache.org/maven2/org/springframework/spring-expression/4.0.3.RELEASE/spring-expression-4.0.3.RELEASE.pom
2015-03-26 21:10:19,687 [Worker-8] INFO  o.e.m.c.i.e.AbstractTransferListenerAdapter - Downloading http://repo.maven.apache.org/maven2/org/springframework/spring-webmvc/4.0.3.RELEASE/spring-webmvc-4.0.3.RELEASE.pom
2015-03-26 21:10:19,766 [Worker-8] INFO  o.e.m.c.i.e.AbstractTransferListenerAdapter - Downloaded http://repo.maven.apache.org/maven2/org/springframework/spring-webmvc/4.0.3.RELEASE/spring-webmvc-4.0.3.RELEASE.pom
2015-03-26 21:10:19,809 [Worker-7] INFO  o.e.m.c.i.e.AbstractTransferListenerAdapter - Downloading http://repo.maven.apache.org/maven2/com/fasterxml/jackson/core/jackson-core/2.3.2/jackson-core-2.3.2.pom
2015-03-26 21:10:19,887 [Worker-7] INFO  o.e.m.c.i.e.AbstractTransferListenerAdapter - Downloaded http://repo.maven.apache.org/maven2/com/fasterxml/jackson/core/jackson-core/2.3.2/jackson-core-2.3.2.pom
2015-03-26 21:10:19,929 [Worker-7] INFO  o.e.m.c.i.e.AbstractTransferListenerAdapter - Downloading http://repo.maven.apache.org/maven2/com/fasterxml/oss-parent/12/oss-parent-12.pom
2015-03-26 21:10:20,047 [Worker-7] INFO  o.e.m.c.i.e.AbstractTransferListenerAdapter - Downloaded http://repo.maven.apache.org/maven2/com/fasterxml/oss-parent/12/oss-parent-12.pom
2015-03-26 21:10:20,094 [Worker-7] INFO  o.e.m.c.i.e.AbstractTransferListenerAdapter - Downloading http://repo.maven.apache.org/maven2/com/fasterxml/jackson/core/jackson-databind/2.3.2/jackson-databind-2.3.2.pom
2015-03-26 21:10:20,172 [Worker-7] INFO  o.e.m.c.i.e.AbstractTransferListenerAdapter - Downloaded http://repo.maven.apache.org/maven2/com/fasterxml/jackson/core/jackson-databind/2.3.2/jackson-databind-2.3.2.pom
2015-03-26 21:10:20,220 [Worker-8] INFO  o.e.m.c.i.e.AbstractTransferListenerAdapter - Downloading http://repo.maven.apache.org/maven2/com/fasterxml/jackson/core/jackson-annotations/2.3.0/jackson-annotations-2.3.0.pom
2015-03-26 21:10:20,298 [Worker-8] INFO  o.e.m.c.i.e.AbstractTransferListenerAdapter - Downloaded http://repo.maven.apache.org/maven2/com/fasterxml/jackson/core/jackson-annotations/2.3.0/jackson-annotations-2.3.0.pom
2015-03-26 21:10:20,354 [Worker-8] INFO  o.e.m.c.i.e.AbstractTransferListenerAdapter - Downloading http://repo.maven.apache.org/maven2/org/springframework/social/spring-social-facebook/1.1.1.RELEASE/spring-social-facebook-1.1.1.RELEASE.jar
2015-03-26 21:10:20,592 [Worker-8] INFO  o.e.m.c.i.e.AbstractTransferListenerAdapter - Downloaded http://repo.maven.apache.org/maven2/org/springframework/social/spring-social-facebook/1.1.1.RELEASE/spring-social-facebook-1.1.1.RELEASE.jar
2015-03-26 21:10:20,630 [Worker-8] INFO  o.e.m.c.i.e.AbstractTransferListenerAdapter - Downloading http://repo.maven.apache.org/maven2/com/fasterxml/jackson/core/jackson-annotations/2.3.2/jackson-annotations-2.3.2.jar
2015-03-26 21:10:20,711 [Worker-8] INFO  o.e.m.c.i.e.AbstractTransferListenerAdapter - Downloaded http://repo.maven.apache.org/maven2/com/fasterxml/jackson/core/jackson-annotations/2.3.2/jackson-annotations-2.3.2.jar
2015-03-26 21:10:20,749 [Worker-8] INFO  o.e.m.c.i.e.AbstractTransferListenerAdapter - Downloading http://repo.maven.apache.org/maven2/org/springframework/social/spring-social-config/1.1.0.RELEASE/spring-social-config-1.1.0.RELEASE.jar
2015-03-26 21:10:20,829 [Worker-8] INFO  o.e.m.c.i.e.AbstractTransferListenerAdapter - Downloaded http://repo.maven.apache.org/maven2/org/springframework/social/spring-social-config/1.1.0.RELEASE/spring-social-config-1.1.0.RELEASE.jar
2015-03-26 21:10:20,869 [Worker-8] INFO  o.e.m.c.i.e.AbstractTransferListenerAdapter - Downloading http://repo.maven.apache.org/maven2/org/springframework/social/spring-social-web/1.1.0.RELEASE/spring-social-web-1.1.0.RELEASE.jar
2015-03-26 21:10:20,950 [Worker-8] INFO  o.e.m.c.i.e.AbstractTransferListenerAdapter - Downloaded http://repo.maven.apache.org/maven2/org/springframework/social/spring-social-web/1.1.0.RELEASE/spring-social-web-1.1.0.RELEASE.jar
2015-03-26 21:10:21,000 [Worker-8] INFO  o.e.m.c.i.e.AbstractTransferListenerAdapter - Downloading http://repo.maven.apache.org/maven2/javax/inject/javax.inject/1/javax.inject-1.jar
2015-03-26 21:10:21,077 [Worker-8] INFO  o.e.m.c.i.e.AbstractTransferListenerAdapter - Downloaded http://repo.maven.apache.org/maven2/javax/inject/javax.inject/1/javax.inject-1.jar
2015-03-26 21:10:21,117 [Worker-8] INFO  o.e.m.c.i.e.AbstractTransferListenerAdapter - Downloading http://repo.maven.apache.org/maven2/com/fasterxml/jackson/core/jackson-core/2.3.2/jackson-core-2.3.2.jar
2015-03-26 21:10:21,272 [Worker-8] INFO  o.e.m.c.i.e.AbstractTransferListenerAdapter - Downloaded http://repo.maven.apache.org/maven2/com/fasterxml/jackson/core/jackson-core/2.3.2/jackson-core-2.3.2.jar
2015-03-26 21:10:21,317 [Worker-8] INFO  o.e.m.c.i.e.AbstractTransferListenerAdapter - Downloading http://repo.maven.apache.org/maven2/com/fasterxml/jackson/core/jackson-databind/2.3.2/jackson-databind-2.3.2.jar
2015-03-26 21:10:21,560 [Worker-8] INFO  o.e.m.c.i.e.AbstractTransferListenerAdapter - Downloaded http://repo.maven.apache.org/maven2/com/fasterxml/jackson/core/jackson-databind/2.3.2/jackson-databind-2.3.2.jar
2015-03-26 21:10:21,598 [Worker-8] INFO  o.e.m.c.i.e.AbstractTransferListenerAdapter - Downloading http://repo.maven.apache.org/maven2/org/springframework/social/spring-social-core/1.1.0.RELEASE/spring-social-core-1.1.0.RELEASE.jar
2015-03-26 21:10:21,688 [Worker-8] INFO  o.e.m.c.i.e.AbstractTransferListenerAdapter - Downloaded http://repo.maven.apache.org/maven2/org/springframework/social/spring-social-core/1.1.0.RELEASE/spring-social-core-1.1.0.RELEASE.jar
2015-03-26 21:10:22,523 [Worker-8] WARN  o.e.m.c.i.embedder.EclipseLogger - Using platform encoding (UTF-8 actually) to copy filtered resources, i.e. build is platform dependent!
2015-03-26 21:10:22,523 [Worker-8] INFO  o.e.m.c.i.embedder.EclipseLogger - Copying 0 resource
2015-03-26 21:10:22,524 [Worker-8] WARN  o.e.m.c.i.embedder.EclipseLogger - Using platform encoding (UTF-8 actually) to copy filtered resources, i.e. build is platform dependent!
2015-03-26 21:10:22,525 [Worker-8] INFO  o.e.m.c.i.embedder.EclipseLogger - skip non existing resourceDirectory /home/vlad/Desktop/workspace/RecommendationSystem/src/test/resources
2015-03-26 21:10:22,525 [Worker-8] INFO  o.e.m.w.i.f.ResourceFilteringBuildParticipant - Changed resources require a complete clean of filtered resources of RecommendationSystem
2015-03-26 21:10:22,525 [Worker-8] INFO  o.e.m.w.i.f.ResourceFilteringBuildParticipant - Executing resource filtering for RecommendationSystem
2015-03-26 21:10:22,528 [Worker-8] WARN  o.e.m.c.i.embedder.EclipseLogger - Using platform encoding (UTF-8 actually) to copy filtered resources, i.e. build is platform dependent!
2015-03-26 21:10:23,803 [Worker-9] WARN  o.e.m.c.i.embedder.EclipseLogger - Using platform encoding (UTF-8 actually) to copy filtered resources, i.e. build is platform dependent!
2015-03-26 21:10:23,803 [Worker-9] INFO  o.e.m.c.i.embedder.EclipseLogger - Copying 0 resource
2015-03-26 21:10:23,804 [Worker-9] WARN  o.e.m.c.i.embedder.EclipseLogger - Using platform encoding (UTF-8 actually) to copy filtered resources, i.e. build is platform dependent!
2015-03-26 21:10:23,805 [Worker-9] INFO  o.e.m.c.i.embedder.EclipseLogger - skip non existing resourceDirectory /home/vlad/Desktop/workspace/RecommendationSystem/src/test/resources
